Start testing: May 31 18:50 EDT
----------------------------------------------------------
1/4 Testing: cppcheck
1/4 Test: cppcheck
Command: "/usr/bin/python3" "-u" "/opt/ros/jazzy/share/ament_cmake_test/cmake/run_test.py" "/home/yixin/ros2_ws/build/more_interfaces/test_results/more_interfaces/cppcheck.xunit.xml" "--package-name" "more_interfaces" "--output-file" "/home/yixin/ros2_ws/build/more_interfaces/ament_cppcheck/cppcheck.txt" "--command" "/opt/ros/jazzy/bin/ament_cppcheck" "--xunit-file" "/home/yixin/ros2_ws/build/more_interfaces/test_results/more_interfaces/cppcheck.xunit.xml"
Directory: /home/yixin/ros2_ws/src/more_interfaces
"cppcheck" start time: May 31 18:50 EDT
Output:
----------------------------------------------------------
-- run_test.py: invoking following command in '/home/yixin/ros2_ws/src/more_interfaces':
 - /opt/ros/jazzy/bin/ament_cppcheck --xunit-file /home/yixin/ros2_ws/build/more_interfaces/test_results/more_interfaces/cppcheck.xunit.xml
cppcheck 2.13.0 has known performance issues and therefore will not be used, set the AMENT_CPPCHECK_ALLOW_SLOW_VERSIONS environment variable to override this.
-- run_test.py: return code 0
-- run_test.py: verify result file '/home/yixin/ros2_ws/build/more_interfaces/test_results/more_interfaces/cppcheck.xunit.xml'
<end of output>
Test time =   0.44 sec
----------------------------------------------------------
Test Passed.
"cppcheck" end time: May 31 18:50 EDT
"cppcheck" time elapsed: 00:00:00
----------------------------------------------------------

2/4 Testing: lint_cmake
2/4 Test: lint_cmake
Command: "/usr/bin/python3" "-u" "/opt/ros/jazzy/share/ament_cmake_test/cmake/run_test.py" "/home/yixin/ros2_ws/build/more_interfaces/test_results/more_interfaces/lint_cmake.xunit.xml" "--package-name" "more_interfaces" "--output-file" "/home/yixin/ros2_ws/build/more_interfaces/ament_lint_cmake/lint_cmake.txt" "--command" "/opt/ros/jazzy/bin/ament_lint_cmake" "--xunit-file" "/home/yixin/ros2_ws/build/more_interfaces/test_results/more_interfaces/lint_cmake.xunit.xml"
Directory: /home/yixin/ros2_ws/src/more_interfaces
"lint_cmake" start time: May 31 18:50 EDT
Output:
----------------------------------------------------------
-- run_test.py: invoking following command in '/home/yixin/ros2_ws/src/more_interfaces':
 - /opt/ros/jazzy/bin/ament_lint_cmake --xunit-file /home/yixin/ros2_ws/build/more_interfaces/test_results/more_interfaces/lint_cmake.xunit.xml
CMakeLists.txt:41: Line ends in whitespace [whitespace/eol]


1 errors
-- run_test.py: return code 1
-- run_test.py: verify result file '/home/yixin/ros2_ws/build/more_interfaces/test_results/more_interfaces/lint_cmake.xunit.xml'
<end of output>
Test time =   0.45 sec
----------------------------------------------------------
Test Failed.
"lint_cmake" end time: May 31 18:50 EDT
"lint_cmake" time elapsed: 00:00:00
----------------------------------------------------------

3/4 Testing: uncrustify
3/4 Test: uncrustify
Command: "/usr/bin/python3" "-u" "/opt/ros/jazzy/share/ament_cmake_test/cmake/run_test.py" "/home/yixin/ros2_ws/build/more_interfaces/test_results/more_interfaces/uncrustify.xunit.xml" "--package-name" "more_interfaces" "--output-file" "/home/yixin/ros2_ws/build/more_interfaces/ament_uncrustify/uncrustify.txt" "--command" "/opt/ros/jazzy/bin/ament_uncrustify" "--xunit-file" "/home/yixin/ros2_ws/build/more_interfaces/test_results/more_interfaces/uncrustify.xunit.xml"
Directory: /home/yixin/ros2_ws/src/more_interfaces
"uncrustify" start time: May 31 18:50 EDT
Output:
----------------------------------------------------------
-- run_test.py: invoking following command in '/home/yixin/ros2_ws/src/more_interfaces':
 - /opt/ros/jazzy/bin/ament_uncrustify --xunit-file /home/yixin/ros2_ws/build/more_interfaces/test_results/more_interfaces/uncrustify.xunit.xml
Code style divergence in file 'src/publish_address_book.cpp':

--- src/publish_address_book.cpp
+++ src/publish_address_book.cpp.uncrustify
@@ -20 +20 @@
-    // Create a callback "putoblish_msg" to publish the messages periodically  
+    // Create a callback "putoblish_msg" to publish the messages periodically
@@ -37 +37 @@
-    // Create a 1 second timer to call "publish_msg" function every second  
+    // Create a 1 second timer to call "publish_msg" function every second
@@ -54 +54 @@
-}
+}

1 files with code style divergence
-- run_test.py: return code 1
-- run_test.py: verify result file '/home/yixin/ros2_ws/build/more_interfaces/test_results/more_interfaces/uncrustify.xunit.xml'
<end of output>
Test time =   0.44 sec
----------------------------------------------------------
Test Failed.
"uncrustify" end time: May 31 18:50 EDT
"uncrustify" time elapsed: 00:00:00
----------------------------------------------------------

4/4 Testing: xmllint
4/4 Test: xmllint
Command: "/usr/bin/python3" "-u" "/opt/ros/jazzy/share/ament_cmake_test/cmake/run_test.py" "/home/yixin/ros2_ws/build/more_interfaces/test_results/more_interfaces/xmllint.xunit.xml" "--package-name" "more_interfaces" "--output-file" "/home/yixin/ros2_ws/build/more_interfaces/ament_xmllint/xmllint.txt" "--command" "/opt/ros/jazzy/bin/ament_xmllint" "--xunit-file" "/home/yixin/ros2_ws/build/more_interfaces/test_results/more_interfaces/xmllint.xunit.xml"
Directory: /home/yixin/ros2_ws/src/more_interfaces
"xmllint" start time: May 31 18:50 EDT
Output:
----------------------------------------------------------
-- run_test.py: invoking following command in '/home/yixin/ros2_ws/src/more_interfaces':
 - /opt/ros/jazzy/bin/ament_xmllint --xunit-file /home/yixin/ros2_ws/build/more_interfaces/test_results/more_interfaces/xmllint.xunit.xml
File 'package.xml' is invalid:
/home/yixin/ros2_ws/src/more_interfaces/package.xml:20: element test_depend: Schemas validity error : Element 'test_depend': This element is not expected. Expected is one of ( member_of_group, export ).
/home/yixin/ros2_ws/src/more_interfaces/package.xml fails to validate

1 files are invalid
-- run_test.py: return code 1
-- run_test.py: verify result file '/home/yixin/ros2_ws/build/more_interfaces/test_results/more_interfaces/xmllint.xunit.xml'
<end of output>
Test time =   0.69 sec
----------------------------------------------------------
Test Failed.
"xmllint" end time: May 31 18:50 EDT
"xmllint" time elapsed: 00:00:00
----------------------------------------------------------

End testing: May 31 18:50 EDT

cppcheck =   0.44 sec*proc

lint_cmake =   0.45 sec*proc

linter =   2.02 sec*proc

uncrustify =   0.44 sec*proc

xmllint =   0.69 sec*proc

