<?xml version="1.0" encoding="UTF-8"?>
<Site BuildName="(empty)"
	BuildStamp="20260531-2250-Experimental"
	Name="yixin-Aspire-A315-24PT"
	Generator="ctest-3.28.3"
	CompilerName="/usr/bin/c++"
	CompilerVersion="13.3.0"
	OSName="Linux"
	Hostname="yixin-Aspire-A315-24PT"
	OSRelease="6.8.0-117-generic"
	OSVersion="#117-Ubuntu SMP PREEMPT_DYNAMIC Tue May  5 19:26:24 UTC 2026"
	OSPlatform="x86_64"
	Is64Bits="1"
	VendorString="AuthenticAMD"
	VendorID="Advanced Micro Devices"
	FamilyID="23"
	ModelID="160"
	ProcessorCacheSize="512"
	NumberOfLogicalCPU="8"
	NumberOfPhysicalCPU="4"
	TotalVirtualMemory="2047"
	TotalPhysicalMemory="15217"
	LogicalProcessorsPerPhysical="2"
	ProcessorClockFrequency="4101.05"
	>
	<Testing>
		<StartDateTime>May 31 18:50 EDT</StartDateTime>
		<StartTestTime>1780267859</StartTestTime>
		<TestList>
			<Test>./cppcheck</Test>
			<Test>./lint_cmake</Test>
			<Test>./uncrustify</Test>
			<Test>./xmllint</Test>
		</TestList>
		<Test Status="passed">
			<Name>cppcheck</Name>
			<Path>.</Path>
			<FullName>./cppcheck</FullName>
			<FullCommandLine>/usr/bin/python3 "-u" "/opt/ros/jazzy/share/ament_cmake_test/cmake/run_test.py" "/home/yixin/ros2_ws/build/polygon_plugins/test_results/polygon_plugins/cppcheck.xunit.xml" "--package-name" "polygon_plugins" "--output-file" "/home/yixin/ros2_ws/build/polygon_plugins/ament_cppcheck/cppcheck.txt" "--command" "/opt/ros/jazzy/bin/ament_cppcheck" "--xunit-file" "/home/yixin/ros2_ws/build/polygon_plugins/test_results/polygon_plugins/cppcheck.xunit.xml" "--include_dirs" "/home/yixin/ros2_ws/src/polygon_plugins/include"</FullCommandLine>
			<Results>
				<NamedMeasurement type="numeric/double" name="Execution Time">
					<Value>0.432935</Value>
				</NamedMeasurement>
				<NamedMeasurement type="numeric/double" name="Processors">
					<Value>1</Value>
				</NamedMeasurement>
				<NamedMeasurement type="text/string" name="Completion Status">
					<Value>Completed</Value>
				</NamedMeasurement>
				<NamedMeasurement type="text/string" name="Command Line">
					<Value>/usr/bin/python3 "-u" "/opt/ros/jazzy/share/ament_cmake_test/cmake/run_test.py" "/home/yixin/ros2_ws/build/polygon_plugins/test_results/polygon_plugins/cppcheck.xunit.xml" "--package-name" "polygon_plugins" "--output-file" "/home/yixin/ros2_ws/build/polygon_plugins/ament_cppcheck/cppcheck.txt" "--command" "/opt/ros/jazzy/bin/ament_cppcheck" "--xunit-file" "/home/yixin/ros2_ws/build/polygon_plugins/test_results/polygon_plugins/cppcheck.xunit.xml" "--include_dirs" "/home/yixin/ros2_ws/src/polygon_plugins/include"</Value>
				</NamedMeasurement>
				<NamedMeasurement type="text/string" name="Environment">
					<Value>#CTEST_RESOURCE_GROUP_COUNT=</Value>
				</NamedMeasurement>
				<Measurement>
					<Value>-- run_test.py: invoking following command in '/home/yixin/ros2_ws/src/polygon_plugins':
 - /opt/ros/jazzy/bin/ament_cppcheck --xunit-file /home/yixin/ros2_ws/build/polygon_plugins/test_results/polygon_plugins/cppcheck.xunit.xml --include_dirs /home/yixin/ros2_ws/src/polygon_plugins/include
cppcheck 2.13.0 has known performance issues and therefore will not be used, set the AMENT_CPPCHECK_ALLOW_SLOW_VERSIONS environment variable to override this.
-- run_test.py: return code 0
-- run_test.py: verify result file '/home/yixin/ros2_ws/build/polygon_plugins/test_results/polygon_plugins/cppcheck.xunit.xml'
</Value>
				</Measurement>
			</Results>
			<Labels>
				<Label>cppcheck</Label>
				<Label>linter</Label>
			</Labels>
		</Test>
		<Test Status="passed">
			<Name>lint_cmake</Name>
			<Path>.</Path>
			<FullName>./lint_cmake</FullName>
			<FullCommandLine>/usr/bin/python3 "-u" "/opt/ros/jazzy/share/ament_cmake_test/cmake/run_test.py" "/home/yixin/ros2_ws/build/polygon_plugins/test_results/polygon_plugins/lint_cmake.xunit.xml" "--package-name" "polygon_plugins" "--output-file" "/home/yixin/ros2_ws/build/polygon_plugins/ament_lint_cmake/lint_cmake.txt" "--command" "/opt/ros/jazzy/bin/ament_lint_cmake" "--xunit-file" "/home/yixin/ros2_ws/build/polygon_plugins/test_results/polygon_plugins/lint_cmake.xunit.xml"</FullCommandLine>
			<Results>
				<NamedMeasurement type="numeric/double" name="Execution Time">
					<Value>0.363911</Value>
				</NamedMeasurement>
				<NamedMeasurement type="numeric/double" name="Processors">
					<Value>1</Value>
				</NamedMeasurement>
				<NamedMeasurement type="text/string" name="Completion Status">
					<Value>Completed</Value>
				</NamedMeasurement>
				<NamedMeasurement type="text/string" name="Command Line">
					<Value>/usr/bin/python3 "-u" "/opt/ros/jazzy/share/ament_cmake_test/cmake/run_test.py" "/home/yixin/ros2_ws/build/polygon_plugins/test_results/polygon_plugins/lint_cmake.xunit.xml" "--package-name" "polygon_plugins" "--output-file" "/home/yixin/ros2_ws/build/polygon_plugins/ament_lint_cmake/lint_cmake.txt" "--command" "/opt/ros/jazzy/bin/ament_lint_cmake" "--xunit-file" "/home/yixin/ros2_ws/build/polygon_plugins/test_results/polygon_plugins/lint_cmake.xunit.xml"</Value>
				</NamedMeasurement>
				<NamedMeasurement type="text/string" name="Environment">
					<Value>#CTEST_RESOURCE_GROUP_COUNT=</Value>
				</NamedMeasurement>
				<Measurement>
					<Value>-- run_test.py: invoking following command in '/home/yixin/ros2_ws/src/polygon_plugins':
 - /opt/ros/jazzy/bin/ament_lint_cmake --xunit-file /home/yixin/ros2_ws/build/polygon_plugins/test_results/polygon_plugins/lint_cmake.xunit.xml

No problems found
-- run_test.py: return code 0
-- run_test.py: verify result file '/home/yixin/ros2_ws/build/polygon_plugins/test_results/polygon_plugins/lint_cmake.xunit.xml'
</Value>
				</Measurement>
			</Results>
			<Labels>
				<Label>lint_cmake</Label>
				<Label>linter</Label>
			</Labels>
		</Test>
		<Test Status="failed">
			<Name>uncrustify</Name>
			<Path>.</Path>
			<FullName>./uncrustify</FullName>
			<FullCommandLine>/usr/bin/python3 "-u" "/opt/ros/jazzy/share/ament_cmake_test/cmake/run_test.py" "/home/yixin/ros2_ws/build/polygon_plugins/test_results/polygon_plugins/uncrustify.xunit.xml" "--package-name" "polygon_plugins" "--output-file" "/home/yixin/ros2_ws/build/polygon_plugins/ament_uncrustify/uncrustify.txt" "--command" "/opt/ros/jazzy/bin/ament_uncrustify" "--xunit-file" "/home/yixin/ros2_ws/build/polygon_plugins/test_results/polygon_plugins/uncrustify.xunit.xml"</FullCommandLine>
			<Results>
				<NamedMeasurement type="text/string" name="Exit Code">
					<Value>Failed</Value>
				</NamedMeasurement>
				<NamedMeasurement type="text/string" name="Exit Value">
					<Value>1</Value>
				</NamedMeasurement>
				<NamedMeasurement type="numeric/double" name="Execution Time">
					<Value>0.365655</Value>
				</NamedMeasurement>
				<NamedMeasurement type="numeric/double" name="Processors">
					<Value>1</Value>
				</NamedMeasurement>
				<NamedMeasurement type="text/string" name="Completion Status">
					<Value>Completed</Value>
				</NamedMeasurement>
				<NamedMeasurement type="text/string" name="Command Line">
					<Value>/usr/bin/python3 "-u" "/opt/ros/jazzy/share/ament_cmake_test/cmake/run_test.py" "/home/yixin/ros2_ws/build/polygon_plugins/test_results/polygon_plugins/uncrustify.xunit.xml" "--package-name" "polygon_plugins" "--output-file" "/home/yixin/ros2_ws/build/polygon_plugins/ament_uncrustify/uncrustify.txt" "--command" "/opt/ros/jazzy/bin/ament_uncrustify" "--xunit-file" "/home/yixin/ros2_ws/build/polygon_plugins/test_results/polygon_plugins/uncrustify.xunit.xml"</Value>
				</NamedMeasurement>
				<NamedMeasurement type="text/string" name="Environment">
					<Value>#CTEST_RESOURCE_GROUP_COUNT=</Value>
				</NamedMeasurement>
				<Measurement>
					<Value>-- run_test.py: invoking following command in '/home/yixin/ros2_ws/src/polygon_plugins':
 - /opt/ros/jazzy/bin/ament_uncrustify --xunit-file /home/yixin/ros2_ws/build/polygon_plugins/test_results/polygon_plugins/uncrustify.xunit.xml
Code style divergence in file 'src/polygon_plugins.cpp':

--- src/polygon_plugins.cpp
+++ src/polygon_plugins.cpp.uncrustify
@@ -22 +22,4 @@
-  class Square : public polygon_base::RegularPolygon
+class Square : public polygon_base::RegularPolygon
+{
+public:
+  void initialize(double side_length) override
@@ -24,5 +27,2 @@
-    public:
-      void initialize(double side_length) override
-      {
-        side_length_ = side_length;
-      }
+    side_length_ = side_length;
+  }
@@ -30,4 +30,4 @@
-      double area() override
-      {
-        return side_length_ * side_length_;
-      }
+  double area() override
+  {
+    return side_length_ * side_length_;
+  }
@@ -35,3 +35,3 @@
-    protected:
-      double side_length_;
-  };
+protected:
+  double side_length_;
+};
@@ -39 +39,4 @@
-  class Triangle : public polygon_base::RegularPolygon
+class Triangle : public polygon_base::RegularPolygon
+{
+public:
+  void initialize(double side_length) override
@@ -41,5 +44,2 @@
-    public:
-      void initialize(double side_length) override
-      {
-        side_length_ = side_length;
-      }
+    side_length_ = side_length;
+  }
@@ -47,4 +47,4 @@
-      double area() override
-      {
-        return 0.5 * side_length_ * getHeight();
-      }
+  double area() override
+  {
+    return 0.5 * side_length_ * getHeight();
+  }
@@ -52,4 +52,4 @@
-      double getHeight()
-      {
-        return sqrt((side_length_ * side_length_) - ((side_length_ / 2) * (side_length_ / 2)));
-      }
+  double getHeight()
+  {
+    return sqrt((side_length_ * side_length_) - ((side_length_ / 2) * (side_length_ / 2)));
+  }
@@ -57,3 +57,3 @@
-    protected:
-      double side_length_;
-  };
+protected:
+  double side_length_;
+};
@@ -65 +65 @@
-PLUGINLIB_EXPORT_CLASS(polygon_plugins::Triangle, polygon_base::RegularPolygon)
+PLUGINLIB_EXPORT_CLASS(polygon_plugins::Triangle, polygon_base::RegularPolygon)

1 files with code style divergence
No code style divergence in file 'include/polygon_plugins/polygon_plugins.hpp'

No code style divergence in file 'include/polygon_plugins/visibility_control.h'

-- run_test.py: return code 1
-- run_test.py: verify result file '/home/yixin/ros2_ws/build/polygon_plugins/test_results/polygon_plugins/uncrustify.xunit.xml'
</Value>
				</Measurement>
			</Results>
			<Labels>
				<Label>linter</Label>
				<Label>uncrustify</Label>
			</Labels>
		</Test>
		<Test Status="passed">
			<Name>xmllint</Name>
			<Path>.</Path>
			<FullName>./xmllint</FullName>
			<FullCommandLine>/usr/bin/python3 "-u" "/opt/ros/jazzy/share/ament_cmake_test/cmake/run_test.py" "/home/yixin/ros2_ws/build/polygon_plugins/test_results/polygon_plugins/xmllint.xunit.xml" "--package-name" "polygon_plugins" "--output-file" "/home/yixin/ros2_ws/build/polygon_plugins/ament_xmllint/xmllint.txt" "--command" "/opt/ros/jazzy/bin/ament_xmllint" "--xunit-file" "/home/yixin/ros2_ws/build/polygon_plugins/test_results/polygon_plugins/xmllint.xunit.xml"</FullCommandLine>
			<Results>
				<NamedMeasurement type="numeric/double" name="Execution Time">
					<Value>0.464109</Value>
				</NamedMeasurement>
				<NamedMeasurement type="numeric/double" name="Processors">
					<Value>1</Value>
				</NamedMeasurement>
				<NamedMeasurement type="text/string" name="Completion Status">
					<Value>Completed</Value>
				</NamedMeasurement>
				<NamedMeasurement type="text/string" name="Command Line">
					<Value>/usr/bin/python3 "-u" "/opt/ros/jazzy/share/ament_cmake_test/cmake/run_test.py" "/home/yixin/ros2_ws/build/polygon_plugins/test_results/polygon_plugins/xmllint.xunit.xml" "--package-name" "polygon_plugins" "--output-file" "/home/yixin/ros2_ws/build/polygon_plugins/ament_xmllint/xmllint.txt" "--command" "/opt/ros/jazzy/bin/ament_xmllint" "--xunit-file" "/home/yixin/ros2_ws/build/polygon_plugins/test_results/polygon_plugins/xmllint.xunit.xml"</Value>
				</NamedMeasurement>
				<NamedMeasurement type="text/string" name="Environment">
					<Value>#CTEST_RESOURCE_GROUP_COUNT=</Value>
				</NamedMeasurement>
				<Measurement>
					<Value>-- run_test.py: invoking following command in '/home/yixin/ros2_ws/src/polygon_plugins':
 - /opt/ros/jazzy/bin/ament_xmllint --xunit-file /home/yixin/ros2_ws/build/polygon_plugins/test_results/polygon_plugins/xmllint.xunit.xml
File 'package.xml' is valid

File 'plugins.xml' is valid

No problems found
-- run_test.py: return code 0
-- run_test.py: verify result file '/home/yixin/ros2_ws/build/polygon_plugins/test_results/polygon_plugins/xmllint.xunit.xml'
</Value>
				</Measurement>
			</Results>
			<Labels>
				<Label>linter</Label>
				<Label>xmllint</Label>
			</Labels>
		</Test>
		<EndDateTime>May 31 18:51 EDT</EndDateTime>
		<EndTestTime>1780267861</EndTestTime>
		<ElapsedMinutes>0</ElapsedMinutes>
	</Testing>
</Site>
