<?xml version="1.0" encoding="utf-8"?><testsuites><testsuite name="pytest" errors="0" failures="1" skipped="1" tests="3" time="0.408" timestamp="2026-05-31T18:51:00.699754" hostname="yixin-Aspire-A315-24PT"><testcase classname="py_pubsub.test.test_copyright" name="test_copyright" time="0.001"><skipped type="pytest.skip" message="No copyright header has been placed in the generated source file.">/home/yixin/ros2_ws/src/py_pubsub/test/test_copyright.py:20: No copyright header has been placed in the generated source file.</skipped></testcase><testcase classname="py_pubsub.test.test_flake8" name="test_flake8" time="0.182"><failure message="AssertionError: Found 5 code style errors / warnings:&#10;  ./py_pubsub/publisher_member_function.py:41:76: W291 trailing whitespace&#10;  ./py_pubsub/subscriber_member_function.py:21:1: E302 expected 2 blank lines, found 1&#10;  ./py_pubsub/subscriber_member_function.py:27:72: W291 trailing whitespace&#10;  ./py_pubsub/subscriber_member_function.py:35:68: W291 trailing whitespace&#10;  ./setup.py:28:72: W291 trailing whitespace&#10;assert 1 == 0">test/test_flake8.py:23: in test_flake8
    assert rc == 0, \
E   AssertionError: Found 5 code style errors / warnings:
E     ./py_pubsub/publisher_member_function.py:41:76: W291 trailing whitespace
E     ./py_pubsub/subscriber_member_function.py:21:1: E302 expected 2 blank lines, found 1
E     ./py_pubsub/subscriber_member_function.py:27:72: W291 trailing whitespace
E     ./py_pubsub/subscriber_member_function.py:35:68: W291 trailing whitespace
E     ./setup.py:28:72: W291 trailing whitespace
E   assert 1 == 0</failure></testcase><testcase classname="py_pubsub.test.test_pep257" name="test_pep257" time="0.024" /></testsuite></testsuites>