Start testing: May 31 18:50 EDT
----------------------------------------------------------
1/4 Testing: cppcheck
1/4 Test: cppcheck
Command: "/usr/bin/python3" "-u" "/opt/ros/jazzy/share/ament_cmake_test/cmake/run_test.py" "/home/yixin/ros2_ws/build/cpp_pubsub/test_results/cpp_pubsub/cppcheck.xunit.xml" "--package-name" "cpp_pubsub" "--output-file" "/home/yixin/ros2_ws/build/cpp_pubsub/ament_cppcheck/cppcheck.txt" "--command" "/opt/ros/jazzy/bin/ament_cppcheck" "--xunit-file" "/home/yixin/ros2_ws/build/cpp_pubsub/test_results/cpp_pubsub/cppcheck.xunit.xml"
Directory: /home/yixin/ros2_ws/src/cpp_pubsub
"cppcheck" start time: May 31 18:50 EDT
Output:
----------------------------------------------------------
-- run_test.py: invoking following command in '/home/yixin/ros2_ws/src/cpp_pubsub':
 - /opt/ros/jazzy/bin/ament_cppcheck --xunit-file /home/yixin/ros2_ws/build/cpp_pubsub/test_results/cpp_pubsub/cppcheck.xunit.xml
cppcheck 2.13.0 has known performance issues and therefore will not be used, set the AMENT_CPPCHECK_ALLOW_SLOW_VERSIONS environment variable to override this.
-- run_test.py: return code 0
-- run_test.py: verify result file '/home/yixin/ros2_ws/build/cpp_pubsub/test_results/cpp_pubsub/cppcheck.xunit.xml'
<end of output>
Test time =   0.45 sec
----------------------------------------------------------
Test Passed.
"cppcheck" end time: May 31 18:50 EDT
"cppcheck" time elapsed: 00:00:00
----------------------------------------------------------

2/4 Testing: lint_cmake
2/4 Test: lint_cmake
Command: "/usr/bin/python3" "-u" "/opt/ros/jazzy/share/ament_cmake_test/cmake/run_test.py" "/home/yixin/ros2_ws/build/cpp_pubsub/test_results/cpp_pubsub/lint_cmake.xunit.xml" "--package-name" "cpp_pubsub" "--output-file" "/home/yixin/ros2_ws/build/cpp_pubsub/ament_lint_cmake/lint_cmake.txt" "--command" "/opt/ros/jazzy/bin/ament_lint_cmake" "--xunit-file" "/home/yixin/ros2_ws/build/cpp_pubsub/test_results/cpp_pubsub/lint_cmake.xunit.xml"
Directory: /home/yixin/ros2_ws/src/cpp_pubsub
"lint_cmake" start time: May 31 18:50 EDT
Output:
----------------------------------------------------------
-- run_test.py: invoking following command in '/home/yixin/ros2_ws/src/cpp_pubsub':
 - /opt/ros/jazzy/bin/ament_lint_cmake --xunit-file /home/yixin/ros2_ws/build/cpp_pubsub/test_results/cpp_pubsub/lint_cmake.xunit.xml

No problems found
-- run_test.py: return code 0
-- run_test.py: verify result file '/home/yixin/ros2_ws/build/cpp_pubsub/test_results/cpp_pubsub/lint_cmake.xunit.xml'
<end of output>
Test time =   0.40 sec
----------------------------------------------------------
Test Passed.
"lint_cmake" end time: May 31 18:50 EDT
"lint_cmake" time elapsed: 00:00:00
----------------------------------------------------------

3/4 Testing: uncrustify
3/4 Test: uncrustify
Command: "/usr/bin/python3" "-u" "/opt/ros/jazzy/share/ament_cmake_test/cmake/run_test.py" "/home/yixin/ros2_ws/build/cpp_pubsub/test_results/cpp_pubsub/uncrustify.xunit.xml" "--package-name" "cpp_pubsub" "--output-file" "/home/yixin/ros2_ws/build/cpp_pubsub/ament_uncrustify/uncrustify.txt" "--command" "/opt/ros/jazzy/bin/ament_uncrustify" "--xunit-file" "/home/yixin/ros2_ws/build/cpp_pubsub/test_results/cpp_pubsub/uncrustify.xunit.xml"
Directory: /home/yixin/ros2_ws/src/cpp_pubsub
"uncrustify" start time: May 31 18:50 EDT
Output:
----------------------------------------------------------
-- run_test.py: invoking following command in '/home/yixin/ros2_ws/src/cpp_pubsub':
 - /opt/ros/jazzy/bin/ament_uncrustify --xunit-file /home/yixin/ros2_ws/build/cpp_pubsub/test_results/cpp_pubsub/uncrustify.xunit.xml
Code style divergence in file 'src/publisher_lambda_function.cpp':

--- src/publisher_lambda_function.cpp
+++ src/publisher_lambda_function.cpp.uncrustify
@@ -47,5 +47,5 @@
-      auto message = tutorial_interfaces::msg::Num();                                   // CHANGE
-      message.num = this->count_++;                                                     // CHANGE
-      RCLCPP_INFO_STREAM(this->get_logger(), "Publishing: '" << message.num << "'");    // CHANGE
-      publisher_->publish(message);
-    };      
+        auto message = tutorial_interfaces::msg::Num();                                 // CHANGE
+        message.num = this->count_++;                                                   // CHANGE
+        RCLCPP_INFO_STREAM(this->get_logger(), "Publishing: '" << message.num << "'");  // CHANGE
+        publisher_->publish(message);
+      };
@@ -58 +58 @@
-  rclcpp::Publisher<tutorial_interfaces::msg::Num>::SharedPtr publisher_;             // CHANGE  
+  rclcpp::Publisher<tutorial_interfaces::msg::Num>::SharedPtr publisher_;             // CHANGE

Code style divergence in file 'src/subscriber_lambda_function.cpp':

--- src/subscriber_lambda_function.cpp
+++ src/subscriber_lambda_function.cpp.uncrustify
@@ -38,2 +38,2 @@
-      RCLCPP_INFO_STREAM(this->get_logger(), "I heard: '" << msg.num << "'");    // CHANGE
-    };
+        RCLCPP_INFO_STREAM(this->get_logger(), "I heard: '" << msg.num << "'");  // CHANGE
+      };
@@ -41 +41 @@
-      "topic", 10, topic_callback);      
+      "topic", 10, topic_callback);
@@ -46 +46 @@
-  rclcpp::Subscription<tutorial_interfaces::msg::Num>::SharedPtr subscription_;  // CHANGE  
+  rclcpp::Subscription<tutorial_interfaces::msg::Num>::SharedPtr subscription_;  // CHANGE

2 files with code style divergence
-- run_test.py: return code 1
-- run_test.py: verify result file '/home/yixin/ros2_ws/build/cpp_pubsub/test_results/cpp_pubsub/uncrustify.xunit.xml'
<end of output>
Test time =   0.43 sec
----------------------------------------------------------
Test Failed.
"uncrustify" end time: May 31 18:50 EDT
"uncrustify" time elapsed: 00:00:00
----------------------------------------------------------

4/4 Testing: xmllint
4/4 Test: xmllint
Command: "/usr/bin/python3" "-u" "/opt/ros/jazzy/share/ament_cmake_test/cmake/run_test.py" "/home/yixin/ros2_ws/build/cpp_pubsub/test_results/cpp_pubsub/xmllint.xunit.xml" "--package-name" "cpp_pubsub" "--output-file" "/home/yixin/ros2_ws/build/cpp_pubsub/ament_xmllint/xmllint.txt" "--command" "/opt/ros/jazzy/bin/ament_xmllint" "--xunit-file" "/home/yixin/ros2_ws/build/cpp_pubsub/test_results/cpp_pubsub/xmllint.xunit.xml"
Directory: /home/yixin/ros2_ws/src/cpp_pubsub
"xmllint" start time: May 31 18:50 EDT
Output:
----------------------------------------------------------
-- run_test.py: invoking following command in '/home/yixin/ros2_ws/src/cpp_pubsub':
 - /opt/ros/jazzy/bin/ament_xmllint --xunit-file /home/yixin/ros2_ws/build/cpp_pubsub/test_results/cpp_pubsub/xmllint.xunit.xml
File 'package.xml' is valid

No problems found
-- run_test.py: return code 0
-- run_test.py: verify result file '/home/yixin/ros2_ws/build/cpp_pubsub/test_results/cpp_pubsub/xmllint.xunit.xml'
<end of output>
Test time =   0.60 sec
----------------------------------------------------------
Test Passed.
"xmllint" end time: May 31 18:50 EDT
"xmllint" time elapsed: 00:00:00
----------------------------------------------------------

End testing: May 31 18:50 EDT

cppcheck =   0.45 sec*proc

lint_cmake =   0.40 sec*proc

linter =   1.88 sec*proc

uncrustify =   0.43 sec*proc

xmllint =   0.60 sec*proc

