Start testing: May 31 18:50 EDT
----------------------------------------------------------
1/4 Testing: cppcheck
1/4 Test: cppcheck
Command: "/usr/bin/python3" "-u" "/opt/ros/jazzy/share/ament_cmake_test/cmake/run_test.py" "/home/yixin/ros2_ws/build/vincent_driver/test_results/vincent_driver/cppcheck.xunit.xml" "--package-name" "vincent_driver" "--output-file" "/home/yixin/ros2_ws/build/vincent_driver/ament_cppcheck/cppcheck.txt" "--command" "/opt/ros/jazzy/bin/ament_cppcheck" "--xunit-file" "/home/yixin/ros2_ws/build/vincent_driver/test_results/vincent_driver/cppcheck.xunit.xml"
Directory: /home/yixin/ros2_ws/src/vincent_driver
"cppcheck" start time: May 31 18:50 EDT
Output:
----------------------------------------------------------
-- run_test.py: invoking following command in '/home/yixin/ros2_ws/src/vincent_driver':
 - /opt/ros/jazzy/bin/ament_cppcheck --xunit-file /home/yixin/ros2_ws/build/vincent_driver/test_results/vincent_driver/cppcheck.xunit.xml
cppcheck 2.13.0 has known performance issues and therefore will not be used, set the AMENT_CPPCHECK_ALLOW_SLOW_VERSIONS environment variable to override this.
-- run_test.py: return code 0
-- run_test.py: verify result file '/home/yixin/ros2_ws/build/vincent_driver/test_results/vincent_driver/cppcheck.xunit.xml'
<end of output>
Test time =   0.45 sec
----------------------------------------------------------
Test Passed.
"cppcheck" end time: May 31 18:50 EDT
"cppcheck" time elapsed: 00:00:00
----------------------------------------------------------

2/4 Testing: lint_cmake
2/4 Test: lint_cmake
Command: "/usr/bin/python3" "-u" "/opt/ros/jazzy/share/ament_cmake_test/cmake/run_test.py" "/home/yixin/ros2_ws/build/vincent_driver/test_results/vincent_driver/lint_cmake.xunit.xml" "--package-name" "vincent_driver" "--output-file" "/home/yixin/ros2_ws/build/vincent_driver/ament_lint_cmake/lint_cmake.txt" "--command" "/opt/ros/jazzy/bin/ament_lint_cmake" "--xunit-file" "/home/yixin/ros2_ws/build/vincent_driver/test_results/vincent_driver/lint_cmake.xunit.xml"
Directory: /home/yixin/ros2_ws/src/vincent_driver
"lint_cmake" start time: May 31 18:50 EDT
Output:
----------------------------------------------------------
-- run_test.py: invoking following command in '/home/yixin/ros2_ws/src/vincent_driver':
 - /opt/ros/jazzy/bin/ament_lint_cmake --xunit-file /home/yixin/ros2_ws/build/vincent_driver/test_results/vincent_driver/lint_cmake.xunit.xml

No problems found
-- run_test.py: return code 0
-- run_test.py: verify result file '/home/yixin/ros2_ws/build/vincent_driver/test_results/vincent_driver/lint_cmake.xunit.xml'
<end of output>
Test time =   0.45 sec
----------------------------------------------------------
Test Passed.
"lint_cmake" end time: May 31 18:50 EDT
"lint_cmake" time elapsed: 00:00:00
----------------------------------------------------------

3/4 Testing: uncrustify
3/4 Test: uncrustify
Command: "/usr/bin/python3" "-u" "/opt/ros/jazzy/share/ament_cmake_test/cmake/run_test.py" "/home/yixin/ros2_ws/build/vincent_driver/test_results/vincent_driver/uncrustify.xunit.xml" "--package-name" "vincent_driver" "--output-file" "/home/yixin/ros2_ws/build/vincent_driver/ament_uncrustify/uncrustify.txt" "--command" "/opt/ros/jazzy/bin/ament_uncrustify" "--xunit-file" "/home/yixin/ros2_ws/build/vincent_driver/test_results/vincent_driver/uncrustify.xunit.xml"
Directory: /home/yixin/ros2_ws/src/vincent_driver
"uncrustify" start time: May 31 18:50 EDT
Output:
----------------------------------------------------------
-- run_test.py: invoking following command in '/home/yixin/ros2_ws/src/vincent_driver':
 - /opt/ros/jazzy/bin/ament_uncrustify --xunit-file /home/yixin/ros2_ws/build/vincent_driver/test_results/vincent_driver/uncrustify.xunit.xml
Code style divergence in file 'include/vincent_driver/vincent_driver.hpp':

--- include/vincent_driver/vincent_driver.hpp
+++ include/vincent_driver/vincent_driver.hpp.uncrustify
@@ -17 +17 @@
-#endif
+#endif

Code style divergence in file 'src/vincent_driver.cpp':

--- src/vincent_driver.cpp
+++ src/vincent_driver.cpp.uncrustify
@@ -20 +20 @@
-RCLCPP_COMPONENTS_REGISTER_NODE(palomino::VincentDriver)
+RCLCPP_COMPONENTS_REGISTER_NODE(palomino::VincentDriver)

2 files with code style divergence
-- run_test.py: return code 1
-- run_test.py: verify result file '/home/yixin/ros2_ws/build/vincent_driver/test_results/vincent_driver/uncrustify.xunit.xml'
<end of output>
Test time =   0.41 sec
----------------------------------------------------------
Test Failed.
"uncrustify" end time: May 31 18:50 EDT
"uncrustify" time elapsed: 00:00:00
----------------------------------------------------------

4/4 Testing: xmllint
4/4 Test: xmllint
Command: "/usr/bin/python3" "-u" "/opt/ros/jazzy/share/ament_cmake_test/cmake/run_test.py" "/home/yixin/ros2_ws/build/vincent_driver/test_results/vincent_driver/xmllint.xunit.xml" "--package-name" "vincent_driver" "--output-file" "/home/yixin/ros2_ws/build/vincent_driver/ament_xmllint/xmllint.txt" "--command" "/opt/ros/jazzy/bin/ament_xmllint" "--xunit-file" "/home/yixin/ros2_ws/build/vincent_driver/test_results/vincent_driver/xmllint.xunit.xml"
Directory: /home/yixin/ros2_ws/src/vincent_driver
"xmllint" start time: May 31 18:50 EDT
Output:
----------------------------------------------------------
-- run_test.py: invoking following command in '/home/yixin/ros2_ws/src/vincent_driver':
 - /opt/ros/jazzy/bin/ament_xmllint --xunit-file /home/yixin/ros2_ws/build/vincent_driver/test_results/vincent_driver/xmllint.xunit.xml
File 'package.xml' is valid

No problems found
-- run_test.py: return code 0
-- run_test.py: verify result file '/home/yixin/ros2_ws/build/vincent_driver/test_results/vincent_driver/xmllint.xunit.xml'
<end of output>
Test time =   0.54 sec
----------------------------------------------------------
Test Passed.
"xmllint" end time: May 31 18:50 EDT
"xmllint" time elapsed: 00:00:00
----------------------------------------------------------

End testing: May 31 18:50 EDT

cppcheck =   0.45 sec*proc

lint_cmake =   0.45 sec*proc

linter =   1.85 sec*proc

uncrustify =   0.41 sec*proc

xmllint =   0.54 sec*proc

