Start testing: May 31 18:50 EDT
----------------------------------------------------------
1/4 Testing: cppcheck
1/4 Test: cppcheck
Command: "/usr/bin/python3" "-u" "/opt/ros/jazzy/share/ament_cmake_test/cmake/run_test.py" "/home/yixin/ros2_ws/build/cpp_srvcli/test_results/cpp_srvcli/cppcheck.xunit.xml" "--package-name" "cpp_srvcli" "--output-file" "/home/yixin/ros2_ws/build/cpp_srvcli/ament_cppcheck/cppcheck.txt" "--command" "/opt/ros/jazzy/bin/ament_cppcheck" "--xunit-file" "/home/yixin/ros2_ws/build/cpp_srvcli/test_results/cpp_srvcli/cppcheck.xunit.xml"
Directory: /home/yixin/ros2_ws/src/cpp_srvcli
"cppcheck" start time: May 31 18:50 EDT
Output:
----------------------------------------------------------
-- run_test.py: invoking following command in '/home/yixin/ros2_ws/src/cpp_srvcli':
 - /opt/ros/jazzy/bin/ament_cppcheck --xunit-file /home/yixin/ros2_ws/build/cpp_srvcli/test_results/cpp_srvcli/cppcheck.xunit.xml
cppcheck 2.13.0 has known performance issues and therefore will not be used, set the AMENT_CPPCHECK_ALLOW_SLOW_VERSIONS environment variable to override this.
-- run_test.py: return code 0
-- run_test.py: verify result file '/home/yixin/ros2_ws/build/cpp_srvcli/test_results/cpp_srvcli/cppcheck.xunit.xml'
<end of output>
Test time =   0.45 sec
----------------------------------------------------------
Test Passed.
"cppcheck" end time: May 31 18:50 EDT
"cppcheck" time elapsed: 00:00:00
----------------------------------------------------------

2/4 Testing: lint_cmake
2/4 Test: lint_cmake
Command: "/usr/bin/python3" "-u" "/opt/ros/jazzy/share/ament_cmake_test/cmake/run_test.py" "/home/yixin/ros2_ws/build/cpp_srvcli/test_results/cpp_srvcli/lint_cmake.xunit.xml" "--package-name" "cpp_srvcli" "--output-file" "/home/yixin/ros2_ws/build/cpp_srvcli/ament_lint_cmake/lint_cmake.txt" "--command" "/opt/ros/jazzy/bin/ament_lint_cmake" "--xunit-file" "/home/yixin/ros2_ws/build/cpp_srvcli/test_results/cpp_srvcli/lint_cmake.xunit.xml"
Directory: /home/yixin/ros2_ws/src/cpp_srvcli
"lint_cmake" start time: May 31 18:50 EDT
Output:
----------------------------------------------------------
-- run_test.py: invoking following command in '/home/yixin/ros2_ws/src/cpp_srvcli':
 - /opt/ros/jazzy/bin/ament_lint_cmake --xunit-file /home/yixin/ros2_ws/build/cpp_srvcli/test_results/cpp_srvcli/lint_cmake.xunit.xml
CMakeLists.txt:38: Line ends in whitespace [whitespace/eol]


1 errors
-- run_test.py: return code 1
-- run_test.py: verify result file '/home/yixin/ros2_ws/build/cpp_srvcli/test_results/cpp_srvcli/lint_cmake.xunit.xml'
<end of output>
Test time =   0.36 sec
----------------------------------------------------------
Test Failed.
"lint_cmake" end time: May 31 18:50 EDT
"lint_cmake" time elapsed: 00:00:00
----------------------------------------------------------

3/4 Testing: uncrustify
3/4 Test: uncrustify
Command: "/usr/bin/python3" "-u" "/opt/ros/jazzy/share/ament_cmake_test/cmake/run_test.py" "/home/yixin/ros2_ws/build/cpp_srvcli/test_results/cpp_srvcli/uncrustify.xunit.xml" "--package-name" "cpp_srvcli" "--output-file" "/home/yixin/ros2_ws/build/cpp_srvcli/ament_uncrustify/uncrustify.txt" "--command" "/opt/ros/jazzy/bin/ament_uncrustify" "--xunit-file" "/home/yixin/ros2_ws/build/cpp_srvcli/test_results/cpp_srvcli/uncrustify.xunit.xml"
Directory: /home/yixin/ros2_ws/src/cpp_srvcli
"uncrustify" start time: May 31 18:50 EDT
Output:
----------------------------------------------------------
-- run_test.py: invoking following command in '/home/yixin/ros2_ws/src/cpp_srvcli':
 - /opt/ros/jazzy/bin/ament_uncrustify --xunit-file /home/yixin/ros2_ws/build/cpp_srvcli/test_results/cpp_srvcli/uncrustify.xunit.xml
Code style divergence in file 'src/add_two_ints_client.cpp':

--- src/add_two_ints_client.cpp
+++ src/add_two_ints_client.cpp.uncrustify
@@ -16 +16 @@
-  if (argc != 4) { // CHANGE    
+  if (argc != 4) { // CHANGE
@@ -18,2 +18,2 @@
-      RCLCPP_INFO(rclcpp::get_logger("rclcpp"), "usage: add_three_ints_client X Y Z");      // CHANGE      
-      return 1;
+    RCLCPP_INFO(rclcpp::get_logger("rclcpp"), "usage: add_three_ints_client X Y Z");        // CHANGE
+    return 1;
@@ -30 +30 @@
-    node->create_client<tutorial_interfaces::srv::AddThreeInts>("add_three_ints");          // CHANGE    
+    node->create_client<tutorial_interfaces::srv::AddThreeInts>("add_three_ints");          // CHANGE
@@ -44 +44,2 @@
-      RCLCPP_ERROR(rclcpp::get_logger("rclcpp"), "Interrupted while waiting for the service. Exiting.");
+      RCLCPP_ERROR(rclcpp::get_logger("rclcpp"),
+        "Interrupted while waiting for the service. Exiting.");
@@ -64 +65 @@
-}
+}

Code style divergence in file 'src/add_two_ints_server.cpp':

--- src/add_two_ints_server.cpp
+++ src/add_two_ints_server.cpp.uncrustify
@@ -17,2 +17,3 @@
-void add(const std::shared_ptr<tutorial_interfaces::srv::AddThreeInts::Request> request,     // CHANGE
-          std::shared_ptr<tutorial_interfaces::srv::AddThreeInts::Response>       response)  // CHANGE
+void add(
+  const std::shared_ptr<tutorial_interfaces::srv::AddThreeInts::Request> request,            // CHANGE
+  std::shared_ptr<tutorial_interfaces::srv::AddThreeInts::Response> response)                // CHANGE
@@ -23 +24,2 @@
-  RCLCPP_INFO(rclcpp::get_logger("rclcpp"), "sending back response: [%ld]", (long int)response->sum);
+  RCLCPP_INFO(rclcpp::get_logger("rclcpp"), "sending back response: [%ld]",
+    (long int)response->sum);
@@ -38 +40 @@
-//   // Prints a log message when it’s ready 
+//   // Prints a log message when it’s ready
@@ -53 +55 @@
-    node->create_service<tutorial_interfaces::srv::AddThreeInts>("add_three_ints",  &add);   // CHANGE
+    node->create_service<tutorial_interfaces::srv::AddThreeInts>("add_three_ints", &add);    // CHANGE
@@ -59 +61 @@
-}
+}

2 files with code style divergence
-- run_test.py: return code 1
-- run_test.py: verify result file '/home/yixin/ros2_ws/build/cpp_srvcli/test_results/cpp_srvcli/uncrustify.xunit.xml'
<end of output>
Test time =   0.41 sec
----------------------------------------------------------
Test Failed.
"uncrustify" end time: May 31 18:51 EDT
"uncrustify" time elapsed: 00:00:00
----------------------------------------------------------

4/4 Testing: xmllint
4/4 Test: xmllint
Command: "/usr/bin/python3" "-u" "/opt/ros/jazzy/share/ament_cmake_test/cmake/run_test.py" "/home/yixin/ros2_ws/build/cpp_srvcli/test_results/cpp_srvcli/xmllint.xunit.xml" "--package-name" "cpp_srvcli" "--output-file" "/home/yixin/ros2_ws/build/cpp_srvcli/ament_xmllint/xmllint.txt" "--command" "/opt/ros/jazzy/bin/ament_xmllint" "--xunit-file" "/home/yixin/ros2_ws/build/cpp_srvcli/test_results/cpp_srvcli/xmllint.xunit.xml"
Directory: /home/yixin/ros2_ws/src/cpp_srvcli
"xmllint" start time: May 31 18:51 EDT
Output:
----------------------------------------------------------
-- run_test.py: invoking following command in '/home/yixin/ros2_ws/src/cpp_srvcli':
 - /opt/ros/jazzy/bin/ament_xmllint --xunit-file /home/yixin/ros2_ws/build/cpp_srvcli/test_results/cpp_srvcli/xmllint.xunit.xml
File 'package.xml' is valid

No problems found
-- run_test.py: return code 0
-- run_test.py: verify result file '/home/yixin/ros2_ws/build/cpp_srvcli/test_results/cpp_srvcli/xmllint.xunit.xml'
<end of output>
Test time =   0.54 sec
----------------------------------------------------------
Test Passed.
"xmllint" end time: May 31 18:51 EDT
"xmllint" time elapsed: 00:00:00
----------------------------------------------------------

End testing: May 31 18:51 EDT

cppcheck =   0.45 sec*proc

lint_cmake =   0.36 sec*proc

linter =   1.76 sec*proc

uncrustify =   0.41 sec*proc

xmllint =   0.54 sec*proc

