<?xml version="1.0" encoding="utf-8"?><testsuites><testsuite name="pytest" errors="0" failures="1" skipped="1" tests="3" time="0.392" timestamp="2026-05-31T18:51:01.114944" hostname="yixin-Aspire-A315-24PT"><testcase classname="py_srvcli.test.test_copyright" name="test_copyright" time="0.001"><skipped type="pytest.skip" message="No copyright header has been placed in the generated source file.">/home/yixin/ros2_ws/src/py_srvcli/test/test_copyright.py:20: No copyright header has been placed in the generated source file.</skipped></testcase><testcase classname="py_srvcli.test.test_flake8" name="test_flake8" time="0.175"><failure message="AssertionError: Found 17 code style errors / warnings:&#10;  ./py_srvcli/client_member_function.py:5:1: I100 Import statements are in the wrong order. 'import rclpy' should be before 'from tutorial_interfaces.srv import AddThreeInts'&#10;  ./py_srvcli/client_member_function.py:14:85: W291 trailing whitespace&#10;  ./py_srvcli/client_member_function.py:18:85: W291 trailing whitespace&#10;  ./py_srvcli/client_member_function.py:29:52: W291 trailing whitespace&#10;  ./py_srvcli/client_member_function.py:62:100: E501 line too long (111 &gt; 99 characters)&#10;  ./py_srvcli/client_member_function.py:63:100: E501 line too long (111 &gt; 99 characters)&#10;  ./py_srvcli/client_member_function.py:69:1: E305 expected 2 blank lines after class or function definition, found 1&#10;  ./py_srvcli/client_member_function.py:70:11: W292 no newline at end of file&#10;  ./py_srvcli/service_member_function.py:2:100: E501 line too long (115 &gt; 99 characters)&#10;  ./py_srvcli/service_member_function.py:4:1: I100 Import statements are in the wrong order. 'import rclpy' should be before 'from tutorial_interfaces.srv import AddThreeInts'&#10;  ./py_srvcli/service_member_function.py:13:100: E501 line too long (115 &gt; 99 characters)&#10;  ./py_srvcli/service_member_function.py:13:116: W291 trailing whitespace&#10;  ./py_srvcli/service_member_function.py:16:58: W291 trailing whitespace&#10;  ./py_srvcli/service_member_function.py:19:100: E501 line too long (115 &gt; 99 characters)&#10;  ./py_srvcli/service_member_function.py:20:100: E501 line too long (115 &gt; 99 characters)&#10;  ./py_srvcli/service_member_function.py:42:1: E305 expected 2 blank lines after class or function definition, found 1&#10;  ./py_srvcli/service_member_function.py:43:11: W292 no newline at end of file&#10;assert 1 == 0">test/test_flake8.py:23: in test_flake8
    assert rc == 0, \
E   AssertionError: Found 17 code style errors / warnings:
E     ./py_srvcli/client_member_function.py:5:1: I100 Import statements are in the wrong order. 'import rclpy' should be before 'from tutorial_interfaces.srv import AddThreeInts'
E     ./py_srvcli/client_member_function.py:14:85: W291 trailing whitespace
E     ./py_srvcli/client_member_function.py:18:85: W291 trailing whitespace
E     ./py_srvcli/client_member_function.py:29:52: W291 trailing whitespace
E     ./py_srvcli/client_member_function.py:62:100: E501 line too long (111 &gt; 99 characters)
E     ./py_srvcli/client_member_function.py:63:100: E501 line too long (111 &gt; 99 characters)
E     ./py_srvcli/client_member_function.py:69:1: E305 expected 2 blank lines after class or function definition, found 1
E     ./py_srvcli/client_member_function.py:70:11: W292 no newline at end of file
E     ./py_srvcli/service_member_function.py:2:100: E501 line too long (115 &gt; 99 characters)
E     ./py_srvcli/service_member_function.py:4:1: I100 Import statements are in the wrong order. 'import rclpy' should be before 'from tutorial_interfaces.srv import AddThreeInts'
E     ./py_srvcli/service_member_function.py:13:100: E501 line too long (115 &gt; 99 characters)
E     ./py_srvcli/service_member_function.py:13:116: W291 trailing whitespace
E     ./py_srvcli/service_member_function.py:16:58: W291 trailing whitespace
E     ./py_srvcli/service_member_function.py:19:100: E501 line too long (115 &gt; 99 characters)
E     ./py_srvcli/service_member_function.py:20:100: E501 line too long (115 &gt; 99 characters)
E     ./py_srvcli/service_member_function.py:42:1: E305 expected 2 blank lines after class or function definition, found 1
E     ./py_srvcli/service_member_function.py:43:11: W292 no newline at end of file
E   assert 1 == 0</failure></testcase><testcase classname="py_srvcli.test.test_pep257" name="test_pep257" time="0.018" /></testsuite></testsuites>