<?xml version="1.0" encoding="UTF-8"?>
<Site BuildName="(empty)"
	BuildStamp="20260531-2250-Experimental"
	Name="yixin-Aspire-A315-24PT"
	Generator="ctest-3.28.3"
	CompilerName="/usr/bin/c++"
	CompilerVersion="13.3.0"
	OSName="Linux"
	Hostname="yixin-Aspire-A315-24PT"
	OSRelease="6.8.0-117-generic"
	OSVersion="#117-Ubuntu SMP PREEMPT_DYNAMIC Tue May  5 19:26:24 UTC 2026"
	OSPlatform="x86_64"
	Is64Bits="1"
	VendorString="AuthenticAMD"
	VendorID="Advanced Micro Devices"
	FamilyID="23"
	ModelID="160"
	ProcessorCacheSize="512"
	NumberOfLogicalCPU="8"
	NumberOfPhysicalCPU="4"
	TotalVirtualMemory="2047"
	TotalPhysicalMemory="15217"
	LogicalProcessorsPerPhysical="2"
	ProcessorClockFrequency="3267.75"
	>
	<Testing>
		<StartDateTime>May 31 18:50 EDT</StartDateTime>
		<StartTestTime>1780267844</StartTestTime>
		<TestList>
			<Test>./cppcheck</Test>
			<Test>./lint_cmake</Test>
			<Test>./uncrustify</Test>
			<Test>./xmllint</Test>
		</TestList>
		<Test Status="passed">
			<Name>cppcheck</Name>
			<Path>.</Path>
			<FullName>./cppcheck</FullName>
			<FullCommandLine>/usr/bin/python3 "-u" "/opt/ros/jazzy/share/ament_cmake_test/cmake/run_test.py" "/home/yixin/ros2_ws/build/polygon_base/test_results/polygon_base/cppcheck.xunit.xml" "--package-name" "polygon_base" "--output-file" "/home/yixin/ros2_ws/build/polygon_base/ament_cppcheck/cppcheck.txt" "--command" "/opt/ros/jazzy/bin/ament_cppcheck" "--xunit-file" "/home/yixin/ros2_ws/build/polygon_base/test_results/polygon_base/cppcheck.xunit.xml" "--include_dirs" "/home/yixin/ros2_ws/src/polygon_base/include"</FullCommandLine>
			<Results>
				<NamedMeasurement type="numeric/double" name="Execution Time">
					<Value>0.952474</Value>
				</NamedMeasurement>
				<NamedMeasurement type="numeric/double" name="Processors">
					<Value>1</Value>
				</NamedMeasurement>
				<NamedMeasurement type="text/string" name="Completion Status">
					<Value>Completed</Value>
				</NamedMeasurement>
				<NamedMeasurement type="text/string" name="Command Line">
					<Value>/usr/bin/python3 "-u" "/opt/ros/jazzy/share/ament_cmake_test/cmake/run_test.py" "/home/yixin/ros2_ws/build/polygon_base/test_results/polygon_base/cppcheck.xunit.xml" "--package-name" "polygon_base" "--output-file" "/home/yixin/ros2_ws/build/polygon_base/ament_cppcheck/cppcheck.txt" "--command" "/opt/ros/jazzy/bin/ament_cppcheck" "--xunit-file" "/home/yixin/ros2_ws/build/polygon_base/test_results/polygon_base/cppcheck.xunit.xml" "--include_dirs" "/home/yixin/ros2_ws/src/polygon_base/include"</Value>
				</NamedMeasurement>
				<NamedMeasurement type="text/string" name="Environment">
					<Value>#CTEST_RESOURCE_GROUP_COUNT=</Value>
				</NamedMeasurement>
				<Measurement>
					<Value>-- run_test.py: invoking following command in '/home/yixin/ros2_ws/src/polygon_base':
 - /opt/ros/jazzy/bin/ament_cppcheck --xunit-file /home/yixin/ros2_ws/build/polygon_base/test_results/polygon_base/cppcheck.xunit.xml --include_dirs /home/yixin/ros2_ws/src/polygon_base/include
cppcheck 2.13.0 has known performance issues and therefore will not be used, set the AMENT_CPPCHECK_ALLOW_SLOW_VERSIONS environment variable to override this.
-- run_test.py: return code 0
-- run_test.py: verify result file '/home/yixin/ros2_ws/build/polygon_base/test_results/polygon_base/cppcheck.xunit.xml'
</Value>
				</Measurement>
			</Results>
			<Labels>
				<Label>cppcheck</Label>
				<Label>linter</Label>
			</Labels>
		</Test>
		<Test Status="passed">
			<Name>lint_cmake</Name>
			<Path>.</Path>
			<FullName>./lint_cmake</FullName>
			<FullCommandLine>/usr/bin/python3 "-u" "/opt/ros/jazzy/share/ament_cmake_test/cmake/run_test.py" "/home/yixin/ros2_ws/build/polygon_base/test_results/polygon_base/lint_cmake.xunit.xml" "--package-name" "polygon_base" "--output-file" "/home/yixin/ros2_ws/build/polygon_base/ament_lint_cmake/lint_cmake.txt" "--command" "/opt/ros/jazzy/bin/ament_lint_cmake" "--xunit-file" "/home/yixin/ros2_ws/build/polygon_base/test_results/polygon_base/lint_cmake.xunit.xml"</FullCommandLine>
			<Results>
				<NamedMeasurement type="numeric/double" name="Execution Time">
					<Value>0.960105</Value>
				</NamedMeasurement>
				<NamedMeasurement type="numeric/double" name="Processors">
					<Value>1</Value>
				</NamedMeasurement>
				<NamedMeasurement type="text/string" name="Completion Status">
					<Value>Completed</Value>
				</NamedMeasurement>
				<NamedMeasurement type="text/string" name="Command Line">
					<Value>/usr/bin/python3 "-u" "/opt/ros/jazzy/share/ament_cmake_test/cmake/run_test.py" "/home/yixin/ros2_ws/build/polygon_base/test_results/polygon_base/lint_cmake.xunit.xml" "--package-name" "polygon_base" "--output-file" "/home/yixin/ros2_ws/build/polygon_base/ament_lint_cmake/lint_cmake.txt" "--command" "/opt/ros/jazzy/bin/ament_lint_cmake" "--xunit-file" "/home/yixin/ros2_ws/build/polygon_base/test_results/polygon_base/lint_cmake.xunit.xml"</Value>
				</NamedMeasurement>
				<NamedMeasurement type="text/string" name="Environment">
					<Value>#CTEST_RESOURCE_GROUP_COUNT=</Value>
				</NamedMeasurement>
				<Measurement>
					<Value>-- run_test.py: invoking following command in '/home/yixin/ros2_ws/src/polygon_base':
 - /opt/ros/jazzy/bin/ament_lint_cmake --xunit-file /home/yixin/ros2_ws/build/polygon_base/test_results/polygon_base/lint_cmake.xunit.xml

No problems found
-- run_test.py: return code 0
-- run_test.py: verify result file '/home/yixin/ros2_ws/build/polygon_base/test_results/polygon_base/lint_cmake.xunit.xml'
</Value>
				</Measurement>
			</Results>
			<Labels>
				<Label>lint_cmake</Label>
				<Label>linter</Label>
			</Labels>
		</Test>
		<Test Status="failed">
			<Name>uncrustify</Name>
			<Path>.</Path>
			<FullName>./uncrustify</FullName>
			<FullCommandLine>/usr/bin/python3 "-u" "/opt/ros/jazzy/share/ament_cmake_test/cmake/run_test.py" "/home/yixin/ros2_ws/build/polygon_base/test_results/polygon_base/uncrustify.xunit.xml" "--package-name" "polygon_base" "--output-file" "/home/yixin/ros2_ws/build/polygon_base/ament_uncrustify/uncrustify.txt" "--command" "/opt/ros/jazzy/bin/ament_uncrustify" "--xunit-file" "/home/yixin/ros2_ws/build/polygon_base/test_results/polygon_base/uncrustify.xunit.xml"</FullCommandLine>
			<Results>
				<NamedMeasurement type="text/string" name="Exit Code">
					<Value>Failed</Value>
				</NamedMeasurement>
				<NamedMeasurement type="text/string" name="Exit Value">
					<Value>1</Value>
				</NamedMeasurement>
				<NamedMeasurement type="numeric/double" name="Execution Time">
					<Value>0.902692</Value>
				</NamedMeasurement>
				<NamedMeasurement type="numeric/double" name="Processors">
					<Value>1</Value>
				</NamedMeasurement>
				<NamedMeasurement type="text/string" name="Completion Status">
					<Value>Completed</Value>
				</NamedMeasurement>
				<NamedMeasurement type="text/string" name="Command Line">
					<Value>/usr/bin/python3 "-u" "/opt/ros/jazzy/share/ament_cmake_test/cmake/run_test.py" "/home/yixin/ros2_ws/build/polygon_base/test_results/polygon_base/uncrustify.xunit.xml" "--package-name" "polygon_base" "--output-file" "/home/yixin/ros2_ws/build/polygon_base/ament_uncrustify/uncrustify.txt" "--command" "/opt/ros/jazzy/bin/ament_uncrustify" "--xunit-file" "/home/yixin/ros2_ws/build/polygon_base/test_results/polygon_base/uncrustify.xunit.xml"</Value>
				</NamedMeasurement>
				<NamedMeasurement type="text/string" name="Environment">
					<Value>#CTEST_RESOURCE_GROUP_COUNT=</Value>
				</NamedMeasurement>
				<Measurement>
					<Value>-- run_test.py: invoking following command in '/home/yixin/ros2_ws/src/polygon_base':
 - /opt/ros/jazzy/bin/ament_uncrustify --xunit-file /home/yixin/ros2_ws/build/polygon_base/test_results/polygon_base/uncrustify.xunit.xml
Code style divergence in file 'include/polygon_base/regular_polygon.hpp':

--- include/polygon_base/regular_polygon.hpp
+++ include/polygon_base/regular_polygon.hpp.uncrustify
@@ -7,5 +7,5 @@
-  class RegularPolygon
-  {
-    public:
-    // One thing to notice is the presence of the initialize method. 
-    // With pluginlib, a constructor without parameters is required, 
+class RegularPolygon
+{
+public:
+    // One thing to notice is the presence of the initialize method.
+    // With pluginlib, a constructor without parameters is required,
@@ -13,3 +13,3 @@
-      virtual void initialize(double side_length) = 0;
-      virtual double area() = 0;
-      virtual ~RegularPolygon(){}
+  virtual void initialize(double side_length) = 0;
+  virtual double area() = 0;
+  virtual ~RegularPolygon() {}
@@ -17,3 +17,3 @@
-    protected:
-      RegularPolygon(){}
-  };
+protected:
+  RegularPolygon() {}
+};
@@ -22 +22 @@
-#endif  // POLYGON_BASE_REGULAR_POLYGON_HPP
+#endif  // POLYGON_BASE_REGULAR_POLYGON_HPP

Code style divergence in file 'src/area_node.cpp':

--- src/area_node.cpp
+++ src/area_node.cpp.uncrustify
@@ -16 +16 @@
-int main(int argc, char** argv)
+int main(int argc, char ** argv)
@@ -28 +28,2 @@
-  pluginlib::ClassLoader&lt;polygon_base::RegularPolygon&gt; poly_loader("polygon_base", "polygon_base::RegularPolygon");
+  pluginlib::ClassLoader&lt;polygon_base::RegularPolygon&gt; poly_loader("polygon_base",
+    "polygon_base::RegularPolygon");
@@ -30,2 +31 @@
-  try
-  {
+  try {
@@ -33,4 +33,4 @@
-    There are a number of ways to instantiate an instance of the class. In this example, we’re using shared pointers. 
-    We just need to call createSharedInstance with a reference to the plugin: 
-    This can be either the fully-qualified type of the plugin class (the type attribute of the declaration XML file, e.g. polygon_plugins::Square), 
-    or the optional magic name (the name attribute of the declaration XML file, e.g., awesome_triangle).    
+    There are a number of ways to instantiate an instance of the class. In this example, we’re using shared pointers.
+    We just need to call createSharedInstance with a reference to the plugin:
+    This can be either the fully-qualified type of the plugin class (the type attribute of the declaration XML file, e.g. polygon_plugins::Square),
+    or the optional magic name (the name attribute of the declaration XML file, e.g., awesome_triangle).
@@ -38 +38,2 @@
-    std::shared_ptr&lt;polygon_base::RegularPolygon&gt; triangle = poly_loader.createSharedInstance("awesome_triangle");
+    std::shared_ptr&lt;polygon_base::RegularPolygon&gt; triangle =
+      poly_loader.createSharedInstance("awesome_triangle");
@@ -41 +42,2 @@
-    std::shared_ptr&lt;polygon_base::RegularPolygon&gt; square = poly_loader.createSharedInstance("polygon_plugins::Square");
+    std::shared_ptr&lt;polygon_base::RegularPolygon&gt; square =
+      poly_loader.createSharedInstance("polygon_plugins::Square");
@@ -46,3 +48 @@
-  }
-  catch(pluginlib::PluginlibException&amp; ex)
-  {
+  } catch(pluginlib::PluginlibException &amp; ex) {
@@ -53 +53 @@
-}
+}

2 files with code style divergence
-- run_test.py: return code 1
-- run_test.py: verify result file '/home/yixin/ros2_ws/build/polygon_base/test_results/polygon_base/uncrustify.xunit.xml'
</Value>
				</Measurement>
			</Results>
			<Labels>
				<Label>linter</Label>
				<Label>uncrustify</Label>
			</Labels>
		</Test>
		<Test Status="passed">
			<Name>xmllint</Name>
			<Path>.</Path>
			<FullName>./xmllint</FullName>
			<FullCommandLine>/usr/bin/python3 "-u" "/opt/ros/jazzy/share/ament_cmake_test/cmake/run_test.py" "/home/yixin/ros2_ws/build/polygon_base/test_results/polygon_base/xmllint.xunit.xml" "--package-name" "polygon_base" "--output-file" "/home/yixin/ros2_ws/build/polygon_base/ament_xmllint/xmllint.txt" "--command" "/opt/ros/jazzy/bin/ament_xmllint" "--xunit-file" "/home/yixin/ros2_ws/build/polygon_base/test_results/polygon_base/xmllint.xunit.xml"</FullCommandLine>
			<Results>
				<NamedMeasurement type="numeric/double" name="Execution Time">
					<Value>0.783142</Value>
				</NamedMeasurement>
				<NamedMeasurement type="numeric/double" name="Processors">
					<Value>1</Value>
				</NamedMeasurement>
				<NamedMeasurement type="text/string" name="Completion Status">
					<Value>Completed</Value>
				</NamedMeasurement>
				<NamedMeasurement type="text/string" name="Command Line">
					<Value>/usr/bin/python3 "-u" "/opt/ros/jazzy/share/ament_cmake_test/cmake/run_test.py" "/home/yixin/ros2_ws/build/polygon_base/test_results/polygon_base/xmllint.xunit.xml" "--package-name" "polygon_base" "--output-file" "/home/yixin/ros2_ws/build/polygon_base/ament_xmllint/xmllint.txt" "--command" "/opt/ros/jazzy/bin/ament_xmllint" "--xunit-file" "/home/yixin/ros2_ws/build/polygon_base/test_results/polygon_base/xmllint.xunit.xml"</Value>
				</NamedMeasurement>
				<NamedMeasurement type="text/string" name="Environment">
					<Value>#CTEST_RESOURCE_GROUP_COUNT=</Value>
				</NamedMeasurement>
				<Measurement>
					<Value>-- run_test.py: invoking following command in '/home/yixin/ros2_ws/src/polygon_base':
 - /opt/ros/jazzy/bin/ament_xmllint --xunit-file /home/yixin/ros2_ws/build/polygon_base/test_results/polygon_base/xmllint.xunit.xml
File 'package.xml' is valid

No problems found
-- run_test.py: return code 0
-- run_test.py: verify result file '/home/yixin/ros2_ws/build/polygon_base/test_results/polygon_base/xmllint.xunit.xml'
</Value>
				</Measurement>
			</Results>
			<Labels>
				<Label>linter</Label>
				<Label>xmllint</Label>
			</Labels>
		</Test>
		<EndDateTime>May 31 18:50 EDT</EndDateTime>
		<EndTestTime>1780267848</EndTestTime>
		<ElapsedMinutes>0</ElapsedMinutes>
	</Testing>
</Site>
