<?xml version="1.0" encoding="UTF-8"?>
<Site BuildName="(empty)"
	BuildStamp="20260531-2250-Experimental"
	Name="yixin-Aspire-A315-24PT"
	Generator="ctest-3.28.3"
	CompilerName="/usr/bin/c++"
	CompilerVersion="13.3.0"
	OSName="Linux"
	Hostname="yixin-Aspire-A315-24PT"
	OSRelease="6.8.0-117-generic"
	OSVersion="#117-Ubuntu SMP PREEMPT_DYNAMIC Tue May  5 19:26:24 UTC 2026"
	OSPlatform="x86_64"
	Is64Bits="1"
	VendorString="AuthenticAMD"
	VendorID="Advanced Micro Devices"
	FamilyID="23"
	ModelID="160"
	ProcessorCacheSize="512"
	NumberOfLogicalCPU="8"
	NumberOfPhysicalCPU="4"
	TotalVirtualMemory="2047"
	TotalPhysicalMemory="15217"
	LogicalProcessorsPerPhysical="2"
	ProcessorClockFrequency="4133.91"
	>
	<Testing>
		<StartDateTime>May 31 18:50 EDT</StartDateTime>
		<StartTestTime>1780267845</StartTestTime>
		<TestList>
			<Test>./cppcheck</Test>
			<Test>./flake8</Test>
			<Test>./lint_cmake</Test>
			<Test>./pep257</Test>
			<Test>./uncrustify</Test>
			<Test>./xmllint</Test>
		</TestList>
		<Test Status="passed">
			<Name>cppcheck</Name>
			<Path>.</Path>
			<FullName>./cppcheck</FullName>
			<FullCommandLine>/usr/bin/python3 "-u" "/opt/ros/jazzy/share/ament_cmake_test/cmake/run_test.py" "/home/yixin/ros2_ws/build/cpp_parameters/test_results/cpp_parameters/cppcheck.xunit.xml" "--package-name" "cpp_parameters" "--output-file" "/home/yixin/ros2_ws/build/cpp_parameters/ament_cppcheck/cppcheck.txt" "--command" "/opt/ros/jazzy/bin/ament_cppcheck" "--xunit-file" "/home/yixin/ros2_ws/build/cpp_parameters/test_results/cpp_parameters/cppcheck.xunit.xml"</FullCommandLine>
			<Results>
				<NamedMeasurement type="numeric/double" name="Execution Time">
					<Value>0.905101</Value>
				</NamedMeasurement>
				<NamedMeasurement type="numeric/double" name="Processors">
					<Value>1</Value>
				</NamedMeasurement>
				<NamedMeasurement type="text/string" name="Completion Status">
					<Value>Completed</Value>
				</NamedMeasurement>
				<NamedMeasurement type="text/string" name="Command Line">
					<Value>/usr/bin/python3 "-u" "/opt/ros/jazzy/share/ament_cmake_test/cmake/run_test.py" "/home/yixin/ros2_ws/build/cpp_parameters/test_results/cpp_parameters/cppcheck.xunit.xml" "--package-name" "cpp_parameters" "--output-file" "/home/yixin/ros2_ws/build/cpp_parameters/ament_cppcheck/cppcheck.txt" "--command" "/opt/ros/jazzy/bin/ament_cppcheck" "--xunit-file" "/home/yixin/ros2_ws/build/cpp_parameters/test_results/cpp_parameters/cppcheck.xunit.xml"</Value>
				</NamedMeasurement>
				<NamedMeasurement type="text/string" name="Environment">
					<Value>#CTEST_RESOURCE_GROUP_COUNT=</Value>
				</NamedMeasurement>
				<Measurement>
					<Value>-- run_test.py: invoking following command in '/home/yixin/ros2_ws/src/cpp_parameters':
 - /opt/ros/jazzy/bin/ament_cppcheck --xunit-file /home/yixin/ros2_ws/build/cpp_parameters/test_results/cpp_parameters/cppcheck.xunit.xml
cppcheck 2.13.0 has known performance issues and therefore will not be used, set the AMENT_CPPCHECK_ALLOW_SLOW_VERSIONS environment variable to override this.
-- run_test.py: return code 0
-- run_test.py: verify result file '/home/yixin/ros2_ws/build/cpp_parameters/test_results/cpp_parameters/cppcheck.xunit.xml'
</Value>
				</Measurement>
			</Results>
			<Labels>
				<Label>cppcheck</Label>
				<Label>linter</Label>
			</Labels>
		</Test>
		<Test Status="failed">
			<Name>flake8</Name>
			<Path>.</Path>
			<FullName>./flake8</FullName>
			<FullCommandLine>/usr/bin/python3 "-u" "/opt/ros/jazzy/share/ament_cmake_test/cmake/run_test.py" "/home/yixin/ros2_ws/build/cpp_parameters/test_results/cpp_parameters/flake8.xunit.xml" "--package-name" "cpp_parameters" "--output-file" "/home/yixin/ros2_ws/build/cpp_parameters/ament_flake8/flake8.txt" "--command" "/opt/ros/jazzy/bin/ament_flake8" "--xunit-file" "/home/yixin/ros2_ws/build/cpp_parameters/test_results/cpp_parameters/flake8.xunit.xml"</FullCommandLine>
			<Results>
				<NamedMeasurement type="text/string" name="Exit Code">
					<Value>Failed</Value>
				</NamedMeasurement>
				<NamedMeasurement type="text/string" name="Exit Value">
					<Value>1</Value>
				</NamedMeasurement>
				<NamedMeasurement type="numeric/double" name="Execution Time">
					<Value>1.90304</Value>
				</NamedMeasurement>
				<NamedMeasurement type="numeric/double" name="Processors">
					<Value>1</Value>
				</NamedMeasurement>
				<NamedMeasurement type="text/string" name="Completion Status">
					<Value>Completed</Value>
				</NamedMeasurement>
				<NamedMeasurement type="text/string" name="Command Line">
					<Value>/usr/bin/python3 "-u" "/opt/ros/jazzy/share/ament_cmake_test/cmake/run_test.py" "/home/yixin/ros2_ws/build/cpp_parameters/test_results/cpp_parameters/flake8.xunit.xml" "--package-name" "cpp_parameters" "--output-file" "/home/yixin/ros2_ws/build/cpp_parameters/ament_flake8/flake8.txt" "--command" "/opt/ros/jazzy/bin/ament_flake8" "--xunit-file" "/home/yixin/ros2_ws/build/cpp_parameters/test_results/cpp_parameters/flake8.xunit.xml"</Value>
				</NamedMeasurement>
				<NamedMeasurement type="text/string" name="Environment">
					<Value>#CTEST_RESOURCE_GROUP_COUNT=</Value>
				</NamedMeasurement>
				<Measurement>
					<Value>-- run_test.py: invoking following command in '/home/yixin/ros2_ws/src/cpp_parameters':
 - /opt/ros/jazzy/bin/ament_flake8 --xunit-file /home/yixin/ros2_ws/build/cpp_parameters/test_results/cpp_parameters/flake8.xunit.xml
    ])      ^
1     W292 no newline at end of file

./launch/cpp_parameters_launch.py:18:7: W292 no newline at end of file


1 files checked
1 errors

'W'-type errors: 1

Checked files:

* ./launch/cpp_parameters_launch.py
-- run_test.py: return code 1
-- run_test.py: verify result file '/home/yixin/ros2_ws/build/cpp_parameters/test_results/cpp_parameters/flake8.xunit.xml'
</Value>
				</Measurement>
			</Results>
			<Labels>
				<Label>flake8</Label>
				<Label>linter</Label>
			</Labels>
		</Test>
		<Test Status="passed">
			<Name>lint_cmake</Name>
			<Path>.</Path>
			<FullName>./lint_cmake</FullName>
			<FullCommandLine>/usr/bin/python3 "-u" "/opt/ros/jazzy/share/ament_cmake_test/cmake/run_test.py" "/home/yixin/ros2_ws/build/cpp_parameters/test_results/cpp_parameters/lint_cmake.xunit.xml" "--package-name" "cpp_parameters" "--output-file" "/home/yixin/ros2_ws/build/cpp_parameters/ament_lint_cmake/lint_cmake.txt" "--command" "/opt/ros/jazzy/bin/ament_lint_cmake" "--xunit-file" "/home/yixin/ros2_ws/build/cpp_parameters/test_results/cpp_parameters/lint_cmake.xunit.xml"</FullCommandLine>
			<Results>
				<NamedMeasurement type="numeric/double" name="Execution Time">
					<Value>0.667616</Value>
				</NamedMeasurement>
				<NamedMeasurement type="numeric/double" name="Processors">
					<Value>1</Value>
				</NamedMeasurement>
				<NamedMeasurement type="text/string" name="Completion Status">
					<Value>Completed</Value>
				</NamedMeasurement>
				<NamedMeasurement type="text/string" name="Command Line">
					<Value>/usr/bin/python3 "-u" "/opt/ros/jazzy/share/ament_cmake_test/cmake/run_test.py" "/home/yixin/ros2_ws/build/cpp_parameters/test_results/cpp_parameters/lint_cmake.xunit.xml" "--package-name" "cpp_parameters" "--output-file" "/home/yixin/ros2_ws/build/cpp_parameters/ament_lint_cmake/lint_cmake.txt" "--command" "/opt/ros/jazzy/bin/ament_lint_cmake" "--xunit-file" "/home/yixin/ros2_ws/build/cpp_parameters/test_results/cpp_parameters/lint_cmake.xunit.xml"</Value>
				</NamedMeasurement>
				<NamedMeasurement type="text/string" name="Environment">
					<Value>#CTEST_RESOURCE_GROUP_COUNT=</Value>
				</NamedMeasurement>
				<Measurement>
					<Value>-- run_test.py: invoking following command in '/home/yixin/ros2_ws/src/cpp_parameters':
 - /opt/ros/jazzy/bin/ament_lint_cmake --xunit-file /home/yixin/ros2_ws/build/cpp_parameters/test_results/cpp_parameters/lint_cmake.xunit.xml

No problems found
-- run_test.py: return code 0
-- run_test.py: verify result file '/home/yixin/ros2_ws/build/cpp_parameters/test_results/cpp_parameters/lint_cmake.xunit.xml'
</Value>
				</Measurement>
			</Results>
			<Labels>
				<Label>lint_cmake</Label>
				<Label>linter</Label>
			</Labels>
		</Test>
		<Test Status="passed">
			<Name>pep257</Name>
			<Path>.</Path>
			<FullName>./pep257</FullName>
			<FullCommandLine>/usr/bin/python3 "-u" "/opt/ros/jazzy/share/ament_cmake_test/cmake/run_test.py" "/home/yixin/ros2_ws/build/cpp_parameters/test_results/cpp_parameters/pep257.xunit.xml" "--package-name" "cpp_parameters" "--output-file" "/home/yixin/ros2_ws/build/cpp_parameters/ament_pep257/pep257.txt" "--command" "/opt/ros/jazzy/bin/ament_pep257" "--xunit-file" "/home/yixin/ros2_ws/build/cpp_parameters/test_results/cpp_parameters/pep257.xunit.xml"</FullCommandLine>
			<Results>
				<NamedMeasurement type="numeric/double" name="Execution Time">
					<Value>0.657202</Value>
				</NamedMeasurement>
				<NamedMeasurement type="numeric/double" name="Processors">
					<Value>1</Value>
				</NamedMeasurement>
				<NamedMeasurement type="text/string" name="Completion Status">
					<Value>Completed</Value>
				</NamedMeasurement>
				<NamedMeasurement type="text/string" name="Command Line">
					<Value>/usr/bin/python3 "-u" "/opt/ros/jazzy/share/ament_cmake_test/cmake/run_test.py" "/home/yixin/ros2_ws/build/cpp_parameters/test_results/cpp_parameters/pep257.xunit.xml" "--package-name" "cpp_parameters" "--output-file" "/home/yixin/ros2_ws/build/cpp_parameters/ament_pep257/pep257.txt" "--command" "/opt/ros/jazzy/bin/ament_pep257" "--xunit-file" "/home/yixin/ros2_ws/build/cpp_parameters/test_results/cpp_parameters/pep257.xunit.xml"</Value>
				</NamedMeasurement>
				<NamedMeasurement type="text/string" name="Environment">
					<Value>#CTEST_RESOURCE_GROUP_COUNT=</Value>
				</NamedMeasurement>
				<Measurement>
					<Value>-- run_test.py: invoking following command in '/home/yixin/ros2_ws/src/cpp_parameters':
 - /opt/ros/jazzy/bin/ament_pep257 --xunit-file /home/yixin/ros2_ws/build/cpp_parameters/test_results/cpp_parameters/pep257.xunit.xml
checking ./launch/cpp_parameters_launch.py
No problems found
-- run_test.py: return code 0
-- run_test.py: verify result file '/home/yixin/ros2_ws/build/cpp_parameters/test_results/cpp_parameters/pep257.xunit.xml'
</Value>
				</Measurement>
			</Results>
			<Labels>
				<Label>linter</Label>
				<Label>pep257</Label>
			</Labels>
		</Test>
		<Test Status="failed">
			<Name>uncrustify</Name>
			<Path>.</Path>
			<FullName>./uncrustify</FullName>
			<FullCommandLine>/usr/bin/python3 "-u" "/opt/ros/jazzy/share/ament_cmake_test/cmake/run_test.py" "/home/yixin/ros2_ws/build/cpp_parameters/test_results/cpp_parameters/uncrustify.xunit.xml" "--package-name" "cpp_parameters" "--output-file" "/home/yixin/ros2_ws/build/cpp_parameters/ament_uncrustify/uncrustify.txt" "--command" "/opt/ros/jazzy/bin/ament_uncrustify" "--xunit-file" "/home/yixin/ros2_ws/build/cpp_parameters/test_results/cpp_parameters/uncrustify.xunit.xml"</FullCommandLine>
			<Results>
				<NamedMeasurement type="text/string" name="Exit Code">
					<Value>Failed</Value>
				</NamedMeasurement>
				<NamedMeasurement type="text/string" name="Exit Value">
					<Value>1</Value>
				</NamedMeasurement>
				<NamedMeasurement type="numeric/double" name="Execution Time">
					<Value>0.561202</Value>
				</NamedMeasurement>
				<NamedMeasurement type="numeric/double" name="Processors">
					<Value>1</Value>
				</NamedMeasurement>
				<NamedMeasurement type="text/string" name="Completion Status">
					<Value>Completed</Value>
				</NamedMeasurement>
				<NamedMeasurement type="text/string" name="Command Line">
					<Value>/usr/bin/python3 "-u" "/opt/ros/jazzy/share/ament_cmake_test/cmake/run_test.py" "/home/yixin/ros2_ws/build/cpp_parameters/test_results/cpp_parameters/uncrustify.xunit.xml" "--package-name" "cpp_parameters" "--output-file" "/home/yixin/ros2_ws/build/cpp_parameters/ament_uncrustify/uncrustify.txt" "--command" "/opt/ros/jazzy/bin/ament_uncrustify" "--xunit-file" "/home/yixin/ros2_ws/build/cpp_parameters/test_results/cpp_parameters/uncrustify.xunit.xml"</Value>
				</NamedMeasurement>
				<NamedMeasurement type="text/string" name="Environment">
					<Value>#CTEST_RESOURCE_GROUP_COUNT=</Value>
				</NamedMeasurement>
				<Measurement>
					<Value>-- run_test.py: invoking following command in '/home/yixin/ros2_ws/src/cpp_parameters':
 - /opt/ros/jazzy/bin/ament_uncrustify --xunit-file /home/yixin/ros2_ws/build/cpp_parameters/test_results/cpp_parameters/uncrustify.xunit.xml
Code style divergence in file 'src/cpp_parameters_node.cpp':

--- src/cpp_parameters_node.cpp
+++ src/cpp_parameters_node.cpp.uncrustify
@@ -22 +22 @@
-    // a lambda function called "timer_callback" is declared. 
+    // a lambda function called "timer_callback" is declared.
@@ -26 +26 @@
-      std::string my_param = this-&gt;get_parameter("my_parameter").as_string();
+        std::string my_param = this-&gt;get_parameter("my_parameter").as_string();
@@ -29 +29 @@
-      RCLCPP_INFO(this-&gt;get_logger(), "Hello %s!", my_param.c_str());
+        RCLCPP_INFO(this-&gt;get_logger(), "Hello %s!", my_param.c_str());
@@ -31 +31,2 @@
-      std::vector&lt;rclcpp::Parameter&gt; all_new_parameters{rclcpp::Parameter("my_parameter", "world")};
+        std::vector&lt;rclcpp::Parameter&gt; all_new_parameters{rclcpp::Parameter("my_parameter",
+          "world")};
@@ -33,2 +34,2 @@
-      this-&gt;set_parameters(all_new_parameters);
-    };
+        this-&gt;set_parameters(all_new_parameters);
+      };
@@ -52 +53 @@
-}
+}

1 files with code style divergence
-- run_test.py: return code 1
-- run_test.py: verify result file '/home/yixin/ros2_ws/build/cpp_parameters/test_results/cpp_parameters/uncrustify.xunit.xml'
</Value>
				</Measurement>
			</Results>
			<Labels>
				<Label>linter</Label>
				<Label>uncrustify</Label>
			</Labels>
		</Test>
		<Test Status="passed">
			<Name>xmllint</Name>
			<Path>.</Path>
			<FullName>./xmllint</FullName>
			<FullCommandLine>/usr/bin/python3 "-u" "/opt/ros/jazzy/share/ament_cmake_test/cmake/run_test.py" "/home/yixin/ros2_ws/build/cpp_parameters/test_results/cpp_parameters/xmllint.xunit.xml" "--package-name" "cpp_parameters" "--output-file" "/home/yixin/ros2_ws/build/cpp_parameters/ament_xmllint/xmllint.txt" "--command" "/opt/ros/jazzy/bin/ament_xmllint" "--xunit-file" "/home/yixin/ros2_ws/build/cpp_parameters/test_results/cpp_parameters/xmllint.xunit.xml"</FullCommandLine>
			<Results>
				<NamedMeasurement type="numeric/double" name="Execution Time">
					<Value>0.707436</Value>
				</NamedMeasurement>
				<NamedMeasurement type="numeric/double" name="Processors">
					<Value>1</Value>
				</NamedMeasurement>
				<NamedMeasurement type="text/string" name="Completion Status">
					<Value>Completed</Value>
				</NamedMeasurement>
				<NamedMeasurement type="text/string" name="Command Line">
					<Value>/usr/bin/python3 "-u" "/opt/ros/jazzy/share/ament_cmake_test/cmake/run_test.py" "/home/yixin/ros2_ws/build/cpp_parameters/test_results/cpp_parameters/xmllint.xunit.xml" "--package-name" "cpp_parameters" "--output-file" "/home/yixin/ros2_ws/build/cpp_parameters/ament_xmllint/xmllint.txt" "--command" "/opt/ros/jazzy/bin/ament_xmllint" "--xunit-file" "/home/yixin/ros2_ws/build/cpp_parameters/test_results/cpp_parameters/xmllint.xunit.xml"</Value>
				</NamedMeasurement>
				<NamedMeasurement type="text/string" name="Environment">
					<Value>#CTEST_RESOURCE_GROUP_COUNT=</Value>
				</NamedMeasurement>
				<Measurement>
					<Value>-- run_test.py: invoking following command in '/home/yixin/ros2_ws/src/cpp_parameters':
 - /opt/ros/jazzy/bin/ament_xmllint --xunit-file /home/yixin/ros2_ws/build/cpp_parameters/test_results/cpp_parameters/xmllint.xunit.xml
File 'package.xml' is valid

No problems found
-- run_test.py: return code 0
-- run_test.py: verify result file '/home/yixin/ros2_ws/build/cpp_parameters/test_results/cpp_parameters/xmllint.xunit.xml'
</Value>
				</Measurement>
			</Results>
			<Labels>
				<Label>linter</Label>
				<Label>xmllint</Label>
			</Labels>
		</Test>
		<EndDateTime>May 31 18:50 EDT</EndDateTime>
		<EndTestTime>1780267850</EndTestTime>
		<ElapsedMinutes>0</ElapsedMinutes>
	</Testing>
</Site>
