Start testing: May 31 18:50 EDT
----------------------------------------------------------
1/4 Testing: cppcheck
1/4 Test: cppcheck
Command: "/usr/bin/python3" "-u" "/opt/ros/jazzy/share/ament_cmake_test/cmake/run_test.py" "/home/yixin/ros2_ws/build/polygon_plugins/test_results/polygon_plugins/cppcheck.xunit.xml" "--package-name" "polygon_plugins" "--output-file" "/home/yixin/ros2_ws/build/polygon_plugins/ament_cppcheck/cppcheck.txt" "--command" "/opt/ros/jazzy/bin/ament_cppcheck" "--xunit-file" "/home/yixin/ros2_ws/build/polygon_plugins/test_results/polygon_plugins/cppcheck.xunit.xml" "--include_dirs" "/home/yixin/ros2_ws/src/polygon_plugins/include"
Directory: /home/yixin/ros2_ws/src/polygon_plugins
"cppcheck" start time: May 31 18:50 EDT
Output:
----------------------------------------------------------
-- run_test.py: invoking following command in '/home/yixin/ros2_ws/src/polygon_plugins':
 - /opt/ros/jazzy/bin/ament_cppcheck --xunit-file /home/yixin/ros2_ws/build/polygon_plugins/test_results/polygon_plugins/cppcheck.xunit.xml --include_dirs /home/yixin/ros2_ws/src/polygon_plugins/include
cppcheck 2.13.0 has known performance issues and therefore will not be used, set the AMENT_CPPCHECK_ALLOW_SLOW_VERSIONS environment variable to override this.
-- run_test.py: return code 0
-- run_test.py: verify result file '/home/yixin/ros2_ws/build/polygon_plugins/test_results/polygon_plugins/cppcheck.xunit.xml'
<end of output>
Test time =   0.43 sec
----------------------------------------------------------
Test Passed.
"cppcheck" end time: May 31 18:50 EDT
"cppcheck" time elapsed: 00:00:00
----------------------------------------------------------

2/4 Testing: lint_cmake
2/4 Test: lint_cmake
Command: "/usr/bin/python3" "-u" "/opt/ros/jazzy/share/ament_cmake_test/cmake/run_test.py" "/home/yixin/ros2_ws/build/polygon_plugins/test_results/polygon_plugins/lint_cmake.xunit.xml" "--package-name" "polygon_plugins" "--output-file" "/home/yixin/ros2_ws/build/polygon_plugins/ament_lint_cmake/lint_cmake.txt" "--command" "/opt/ros/jazzy/bin/ament_lint_cmake" "--xunit-file" "/home/yixin/ros2_ws/build/polygon_plugins/test_results/polygon_plugins/lint_cmake.xunit.xml"
Directory: /home/yixin/ros2_ws/src/polygon_plugins
"lint_cmake" start time: May 31 18:50 EDT
Output:
----------------------------------------------------------
-- run_test.py: invoking following command in '/home/yixin/ros2_ws/src/polygon_plugins':
 - /opt/ros/jazzy/bin/ament_lint_cmake --xunit-file /home/yixin/ros2_ws/build/polygon_plugins/test_results/polygon_plugins/lint_cmake.xunit.xml

No problems found
-- run_test.py: return code 0
-- run_test.py: verify result file '/home/yixin/ros2_ws/build/polygon_plugins/test_results/polygon_plugins/lint_cmake.xunit.xml'
<end of output>
Test time =   0.36 sec
----------------------------------------------------------
Test Passed.
"lint_cmake" end time: May 31 18:51 EDT
"lint_cmake" time elapsed: 00:00:00
----------------------------------------------------------

3/4 Testing: uncrustify
3/4 Test: uncrustify
Command: "/usr/bin/python3" "-u" "/opt/ros/jazzy/share/ament_cmake_test/cmake/run_test.py" "/home/yixin/ros2_ws/build/polygon_plugins/test_results/polygon_plugins/uncrustify.xunit.xml" "--package-name" "polygon_plugins" "--output-file" "/home/yixin/ros2_ws/build/polygon_plugins/ament_uncrustify/uncrustify.txt" "--command" "/opt/ros/jazzy/bin/ament_uncrustify" "--xunit-file" "/home/yixin/ros2_ws/build/polygon_plugins/test_results/polygon_plugins/uncrustify.xunit.xml"
Directory: /home/yixin/ros2_ws/src/polygon_plugins
"uncrustify" start time: May 31 18:51 EDT
Output:
----------------------------------------------------------
-- run_test.py: invoking following command in '/home/yixin/ros2_ws/src/polygon_plugins':
 - /opt/ros/jazzy/bin/ament_uncrustify --xunit-file /home/yixin/ros2_ws/build/polygon_plugins/test_results/polygon_plugins/uncrustify.xunit.xml
Code style divergence in file 'src/polygon_plugins.cpp':

--- src/polygon_plugins.cpp
+++ src/polygon_plugins.cpp.uncrustify
@@ -22 +22,4 @@
-  class Square : public polygon_base::RegularPolygon
+class Square : public polygon_base::RegularPolygon
+{
+public:
+  void initialize(double side_length) override
@@ -24,5 +27,2 @@
-    public:
-      void initialize(double side_length) override
-      {
-        side_length_ = side_length;
-      }
+    side_length_ = side_length;
+  }
@@ -30,4 +30,4 @@
-      double area() override
-      {
-        return side_length_ * side_length_;
-      }
+  double area() override
+  {
+    return side_length_ * side_length_;
+  }
@@ -35,3 +35,3 @@
-    protected:
-      double side_length_;
-  };
+protected:
+  double side_length_;
+};
@@ -39 +39,4 @@
-  class Triangle : public polygon_base::RegularPolygon
+class Triangle : public polygon_base::RegularPolygon
+{
+public:
+  void initialize(double side_length) override
@@ -41,5 +44,2 @@
-    public:
-      void initialize(double side_length) override
-      {
-        side_length_ = side_length;
-      }
+    side_length_ = side_length;
+  }
@@ -47,4 +47,4 @@
-      double area() override
-      {
-        return 0.5 * side_length_ * getHeight();
-      }
+  double area() override
+  {
+    return 0.5 * side_length_ * getHeight();
+  }
@@ -52,4 +52,4 @@
-      double getHeight()
-      {
-        return sqrt((side_length_ * side_length_) - ((side_length_ / 2) * (side_length_ / 2)));
-      }
+  double getHeight()
+  {
+    return sqrt((side_length_ * side_length_) - ((side_length_ / 2) * (side_length_ / 2)));
+  }
@@ -57,3 +57,3 @@
-    protected:
-      double side_length_;
-  };
+protected:
+  double side_length_;
+};
@@ -65 +65 @@
-PLUGINLIB_EXPORT_CLASS(polygon_plugins::Triangle, polygon_base::RegularPolygon)
+PLUGINLIB_EXPORT_CLASS(polygon_plugins::Triangle, polygon_base::RegularPolygon)

1 files with code style divergence
No code style divergence in file 'include/polygon_plugins/polygon_plugins.hpp'

No code style divergence in file 'include/polygon_plugins/visibility_control.h'

-- run_test.py: return code 1
-- run_test.py: verify result file '/home/yixin/ros2_ws/build/polygon_plugins/test_results/polygon_plugins/uncrustify.xunit.xml'
<end of output>
Test time =   0.37 sec
----------------------------------------------------------
Test Failed.
"uncrustify" end time: May 31 18:51 EDT
"uncrustify" time elapsed: 00:00:00
----------------------------------------------------------

4/4 Testing: xmllint
4/4 Test: xmllint
Command: "/usr/bin/python3" "-u" "/opt/ros/jazzy/share/ament_cmake_test/cmake/run_test.py" "/home/yixin/ros2_ws/build/polygon_plugins/test_results/polygon_plugins/xmllint.xunit.xml" "--package-name" "polygon_plugins" "--output-file" "/home/yixin/ros2_ws/build/polygon_plugins/ament_xmllint/xmllint.txt" "--command" "/opt/ros/jazzy/bin/ament_xmllint" "--xunit-file" "/home/yixin/ros2_ws/build/polygon_plugins/test_results/polygon_plugins/xmllint.xunit.xml"
Directory: /home/yixin/ros2_ws/src/polygon_plugins
"xmllint" start time: May 31 18:51 EDT
Output:
----------------------------------------------------------
-- run_test.py: invoking following command in '/home/yixin/ros2_ws/src/polygon_plugins':
 - /opt/ros/jazzy/bin/ament_xmllint --xunit-file /home/yixin/ros2_ws/build/polygon_plugins/test_results/polygon_plugins/xmllint.xunit.xml
File 'package.xml' is valid

File 'plugins.xml' is valid

No problems found
-- run_test.py: return code 0
-- run_test.py: verify result file '/home/yixin/ros2_ws/build/polygon_plugins/test_results/polygon_plugins/xmllint.xunit.xml'
<end of output>
Test time =   0.46 sec
----------------------------------------------------------
Test Passed.
"xmllint" end time: May 31 18:51 EDT
"xmllint" time elapsed: 00:00:00
----------------------------------------------------------

End testing: May 31 18:51 EDT

cppcheck =   0.43 sec*proc

lint_cmake =   0.36 sec*proc

linter =   1.63 sec*proc

uncrustify =   0.37 sec*proc

xmllint =   0.46 sec*proc

