<?xml version="1.0" encoding="utf-8"?><testsuites><testsuite name="pytest" errors="0" failures="0" skipped="0" tests="3" time="1.415" timestamp="2026-05-31T18:50:52.686239" hostname="yixin-Aspire-A315-24PT"><testcase classname="examples_rclpy_executors.executors.test.test_copyright" name="test_copyright" time="0.863" /><testcase classname="examples_rclpy_executors.executors.test.test_flake8" name="test_flake8" time="0.291" /><testcase classname="examples_rclpy_executors.executors.test.test_pep257" name="test_pep257" time="0.052" /></testsuite></testsuites>