<?xml version="1.0" encoding="utf-8"?><testsuites><testsuite name="pytest" errors="0" failures="0" skipped="0" tests="3" time="2.155" timestamp="2026-03-18T21:28:00.470976" hostname="yixin-Aspire-A315-24PT"><testcase classname="examples_rclpy_executors.executors.test.test_copyright" name="test_copyright" time="1.384" /><testcase classname="examples_rclpy_executors.executors.test.test_flake8" name="test_flake8" time="0.360" /><testcase classname="examples_rclpy_executors.executors.test.test_pep257" name="test_pep257" time="0.057" /></testsuite></testsuites>