Start testing: May 31 18:50 EDT
----------------------------------------------------------
1/4 Testing: cppcheck
1/4 Test: cppcheck
Command: "/usr/bin/python3" "-u" "/opt/ros/jazzy/share/ament_cmake_test/cmake/run_test.py" "/home/yixin/ros2_ws/build/custom_action_cpp/test_results/custom_action_cpp/cppcheck.xunit.xml" "--package-name" "custom_action_cpp" "--output-file" "/home/yixin/ros2_ws/build/custom_action_cpp/ament_cppcheck/cppcheck.txt" "--command" "/opt/ros/jazzy/bin/ament_cppcheck" "--xunit-file" "/home/yixin/ros2_ws/build/custom_action_cpp/test_results/custom_action_cpp/cppcheck.xunit.xml" "--include_dirs" "/home/yixin/ros2_ws/src/custom_action_cpp/include"
Directory: /home/yixin/ros2_ws/src/custom_action_cpp
"cppcheck" start time: May 31 18:50 EDT
Output:
----------------------------------------------------------
-- run_test.py: invoking following command in '/home/yixin/ros2_ws/src/custom_action_cpp':
 - /opt/ros/jazzy/bin/ament_cppcheck --xunit-file /home/yixin/ros2_ws/build/custom_action_cpp/test_results/custom_action_cpp/cppcheck.xunit.xml --include_dirs /home/yixin/ros2_ws/src/custom_action_cpp/include
cppcheck 2.13.0 has known performance issues and therefore will not be used, set the AMENT_CPPCHECK_ALLOW_SLOW_VERSIONS environment variable to override this.
-- run_test.py: return code 0
-- run_test.py: verify result file '/home/yixin/ros2_ws/build/custom_action_cpp/test_results/custom_action_cpp/cppcheck.xunit.xml'
<end of output>
Test time =   0.42 sec
----------------------------------------------------------
Test Passed.
"cppcheck" end time: May 31 18:50 EDT
"cppcheck" time elapsed: 00:00:00
----------------------------------------------------------

2/4 Testing: lint_cmake
2/4 Test: lint_cmake
Command: "/usr/bin/python3" "-u" "/opt/ros/jazzy/share/ament_cmake_test/cmake/run_test.py" "/home/yixin/ros2_ws/build/custom_action_cpp/test_results/custom_action_cpp/lint_cmake.xunit.xml" "--package-name" "custom_action_cpp" "--output-file" "/home/yixin/ros2_ws/build/custom_action_cpp/ament_lint_cmake/lint_cmake.txt" "--command" "/opt/ros/jazzy/bin/ament_lint_cmake" "--xunit-file" "/home/yixin/ros2_ws/build/custom_action_cpp/test_results/custom_action_cpp/lint_cmake.xunit.xml"
Directory: /home/yixin/ros2_ws/src/custom_action_cpp
"lint_cmake" start time: May 31 18:50 EDT
Output:
----------------------------------------------------------
-- run_test.py: invoking following command in '/home/yixin/ros2_ws/src/custom_action_cpp':
 - /opt/ros/jazzy/bin/ament_lint_cmake --xunit-file /home/yixin/ros2_ws/build/custom_action_cpp/test_results/custom_action_cpp/lint_cmake.xunit.xml

No problems found
-- run_test.py: return code 0
-- run_test.py: verify result file '/home/yixin/ros2_ws/build/custom_action_cpp/test_results/custom_action_cpp/lint_cmake.xunit.xml'
<end of output>
Test time =   0.42 sec
----------------------------------------------------------
Test Passed.
"lint_cmake" end time: May 31 18:51 EDT
"lint_cmake" time elapsed: 00:00:00
----------------------------------------------------------

3/4 Testing: uncrustify
3/4 Test: uncrustify
Command: "/usr/bin/python3" "-u" "/opt/ros/jazzy/share/ament_cmake_test/cmake/run_test.py" "/home/yixin/ros2_ws/build/custom_action_cpp/test_results/custom_action_cpp/uncrustify.xunit.xml" "--package-name" "custom_action_cpp" "--output-file" "/home/yixin/ros2_ws/build/custom_action_cpp/ament_uncrustify/uncrustify.txt" "--command" "/opt/ros/jazzy/bin/ament_uncrustify" "--xunit-file" "/home/yixin/ros2_ws/build/custom_action_cpp/test_results/custom_action_cpp/uncrustify.xunit.xml"
Directory: /home/yixin/ros2_ws/src/custom_action_cpp
"uncrustify" start time: May 31 18:51 EDT
Output:
----------------------------------------------------------
-- run_test.py: invoking following command in '/home/yixin/ros2_ws/src/custom_action_cpp':
 - /opt/ros/jazzy/bin/ament_uncrustify --xunit-file /home/yixin/ros2_ws/build/custom_action_cpp/test_results/custom_action_cpp/uncrustify.xunit.xml
Code style divergence in file 'include/custom_action_cpp/visibility_control.hpp':

--- include/custom_action_cpp/visibility_control.hpp
+++ include/custom_action_cpp/visibility_control.hpp.uncrustify
@@ -44 +44 @@
-#endif  // CUSTOM_ACTION_CPP__VISIBILITY_CONTROL_H_
+#endif  // CUSTOM_ACTION_CPP__VISIBILITY_CONTROL_H_

Code style divergence in file 'src/fibonacci_action_client.cpp':

--- src/fibonacci_action_client.cpp
+++ src/fibonacci_action_client.cpp.uncrustify
@@ -38,2 +38,2 @@
-    // We also instantiate a ROS timer that will kick off the one and only call to send_goal  
-    auto timer_callback_lambda = [this](){ return this->send_goal(); };
+    // We also instantiate a ROS timer that will kick off the one and only call to send_goal
+    auto timer_callback_lambda = [this](){return this->send_goal();};
@@ -73,8 +73,9 @@
-    send_goal_options.goal_response_callback = [this](const GoalHandleFibonacci::SharedPtr & goal_handle)
-    {
-      if (!goal_handle) {
-        RCLCPP_ERROR(this->get_logger(), "Goal was rejected by server");
-      } else {
-        RCLCPP_INFO(this->get_logger(), "Goal accepted by server, waiting for result");
-      }
-    };
+    send_goal_options.goal_response_callback =
+      [this](const GoalHandleFibonacci::SharedPtr & goal_handle)
+      {
+        if (!goal_handle) {
+          RCLCPP_ERROR(this->get_logger(), "Goal was rejected by server");
+        } else {
+          RCLCPP_INFO(this->get_logger(), "Goal accepted by server, waiting for result");
+        }
+      };
@@ -86,8 +87,8 @@
-    {
-      std::stringstream ss;
-      ss << "Next number in sequence received: ";
-      for (auto number : feedback->partial_sequence) {
-        ss << number << " ";
-      }
-      RCLCPP_INFO(this->get_logger(), ss.str().c_str());
-    };
+      {
+        std::stringstream ss;
+        ss << "Next number in sequence received: ";
+        for (auto number : feedback->partial_sequence) {
+          ss << number << " ";
+        }
+        RCLCPP_INFO(this->get_logger(), ss.str().c_str());
+      };
@@ -97,22 +98,22 @@
-    {
-      switch (result.code) {
-        case rclcpp_action::ResultCode::SUCCEEDED:
-          break;
-        case rclcpp_action::ResultCode::ABORTED:
-          RCLCPP_ERROR(this->get_logger(), "Goal was aborted");
-          return;
-        case rclcpp_action::ResultCode::CANCELED:
-          RCLCPP_ERROR(this->get_logger(), "Goal was canceled");
-          return;
-        default:
-          RCLCPP_ERROR(this->get_logger(), "Unknown result code");
-          return;
-      }
-      std::stringstream ss;
-      ss << "Result received: ";
-      for (auto number : result.result->sequence) {
-        ss << number << " ";
-      }
-      RCLCPP_INFO(this->get_logger(), ss.str().c_str());
-      rclcpp::shutdown();
-    };
+      {
+        switch (result.code) {
+          case rclcpp_action::ResultCode::SUCCEEDED:
+            break;
+          case rclcpp_action::ResultCode::ABORTED:
+            RCLCPP_ERROR(this->get_logger(), "Goal was aborted");
+            return;
+          case rclcpp_action::ResultCode::CANCELED:
+            RCLCPP_ERROR(this->get_logger(), "Goal was canceled");
+            return;
+          default:
+            RCLCPP_ERROR(this->get_logger(), "Unknown result code");
+            return;
+        }
+        std::stringstream ss;
+        ss << "Result received: ";
+        for (auto number : result.result->sequence) {
+          ss << number << " ";
+        }
+        RCLCPP_INFO(this->get_logger(), ss.str().c_str());
+        rclcpp::shutdown();
+      };
@@ -129 +130 @@
-RCLCPP_COMPONENTS_REGISTER_NODE(custom_action_cpp::FibonacciActionClient)
+RCLCPP_COMPONENTS_REGISTER_NODE(custom_action_cpp::FibonacciActionClient)

Code style divergence in file 'src/fibonacci_action_server.cpp':

--- src/fibonacci_action_server.cpp
+++ src/fibonacci_action_server.cpp.uncrustify
@@ -24 +24 @@
-// derived the class "FibonacciActionServer" from the class "rclcpp::Node"    
+// derived the class "FibonacciActionServer" from the class "rclcpp::Node"
@@ -42,5 +42,5 @@
-    {
-      RCLCPP_INFO(this->get_logger(), "Received goal request with order %d", goal->order);
-      (void)uuid;
-      return rclcpp_action::GoalResponse::ACCEPT_AND_EXECUTE;
-    };
+      {
+        RCLCPP_INFO(this->get_logger(), "Received goal request with order %d", goal->order);
+        (void)uuid;
+        return rclcpp_action::GoalResponse::ACCEPT_AND_EXECUTE;
+      };
@@ -51,5 +51,5 @@
-    {
-      RCLCPP_INFO(this->get_logger(), "Received request to cancel goal");
-      (void)goal_handle;
-      return rclcpp_action::CancelResponse::ACCEPT;
-    };
+      {
+        RCLCPP_INFO(this->get_logger(), "Received request to cancel goal");
+        (void)goal_handle;
+        return rclcpp_action::CancelResponse::ACCEPT;
+      };
@@ -60 +60 @@
-    {
+      {
@@ -63,3 +63,3 @@
-      auto execute_in_thread = [this, goal_handle](){return this->execute(goal_handle);};
-      std::thread{execute_in_thread}.detach();
-    };
+        auto execute_in_thread = [this, goal_handle](){return this->execute(goal_handle);};
+        std::thread{execute_in_thread}.detach();
+      };
@@ -80 +80,2 @@
-  void execute(const std::shared_ptr<GoalHandleFibonacci> goal_handle) {
+  void execute(const std::shared_ptr<GoalHandleFibonacci> goal_handle)
+  {
@@ -113 +114 @@
-  };
+  }
@@ -119 +120 @@
-RCLCPP_COMPONENTS_REGISTER_NODE(custom_action_cpp::FibonacciActionServer)
+RCLCPP_COMPONENTS_REGISTER_NODE(custom_action_cpp::FibonacciActionServer)

3 files with code style divergence
-- run_test.py: return code 1
-- run_test.py: verify result file '/home/yixin/ros2_ws/build/custom_action_cpp/test_results/custom_action_cpp/uncrustify.xunit.xml'
<end of output>
Test time =   0.40 sec
----------------------------------------------------------
Test Failed.
"uncrustify" end time: May 31 18:51 EDT
"uncrustify" time elapsed: 00:00:00
----------------------------------------------------------

4/4 Testing: xmllint
4/4 Test: xmllint
Command: "/usr/bin/python3" "-u" "/opt/ros/jazzy/share/ament_cmake_test/cmake/run_test.py" "/home/yixin/ros2_ws/build/custom_action_cpp/test_results/custom_action_cpp/xmllint.xunit.xml" "--package-name" "custom_action_cpp" "--output-file" "/home/yixin/ros2_ws/build/custom_action_cpp/ament_xmllint/xmllint.txt" "--command" "/opt/ros/jazzy/bin/ament_xmllint" "--xunit-file" "/home/yixin/ros2_ws/build/custom_action_cpp/test_results/custom_action_cpp/xmllint.xunit.xml"
Directory: /home/yixin/ros2_ws/src/custom_action_cpp
"xmllint" start time: May 31 18:51 EDT
Output:
----------------------------------------------------------
-- run_test.py: invoking following command in '/home/yixin/ros2_ws/src/custom_action_cpp':
 - /opt/ros/jazzy/bin/ament_xmllint --xunit-file /home/yixin/ros2_ws/build/custom_action_cpp/test_results/custom_action_cpp/xmllint.xunit.xml
File 'package.xml' is valid

No problems found
-- run_test.py: return code 0
-- run_test.py: verify result file '/home/yixin/ros2_ws/build/custom_action_cpp/test_results/custom_action_cpp/xmllint.xunit.xml'
<end of output>
Test time =   0.48 sec
----------------------------------------------------------
Test Passed.
"xmllint" end time: May 31 18:51 EDT
"xmllint" time elapsed: 00:00:00
----------------------------------------------------------

End testing: May 31 18:51 EDT

cppcheck =   0.42 sec*proc

lint_cmake =   0.42 sec*proc

linter =   1.71 sec*proc

uncrustify =   0.40 sec*proc

xmllint =   0.48 sec*proc

