Start testing: May 31 18:50 EDT
----------------------------------------------------------
1/6 Testing: cppcheck
1/6 Test: cppcheck
Command: "/usr/bin/python3" "-u" "/opt/ros/jazzy/share/ament_cmake_test/cmake/run_test.py" "/home/yixin/ros2_ws/build/cpp_parameters/test_results/cpp_parameters/cppcheck.xunit.xml" "--package-name" "cpp_parameters" "--output-file" "/home/yixin/ros2_ws/build/cpp_parameters/ament_cppcheck/cppcheck.txt" "--command" "/opt/ros/jazzy/bin/ament_cppcheck" "--xunit-file" "/home/yixin/ros2_ws/build/cpp_parameters/test_results/cpp_parameters/cppcheck.xunit.xml"
Directory: /home/yixin/ros2_ws/src/cpp_parameters
"cppcheck" start time: May 31 18:50 EDT
Output:
----------------------------------------------------------
-- run_test.py: invoking following command in '/home/yixin/ros2_ws/src/cpp_parameters':
 - /opt/ros/jazzy/bin/ament_cppcheck --xunit-file /home/yixin/ros2_ws/build/cpp_parameters/test_results/cpp_parameters/cppcheck.xunit.xml
cppcheck 2.13.0 has known performance issues and therefore will not be used, set the AMENT_CPPCHECK_ALLOW_SLOW_VERSIONS environment variable to override this.
-- run_test.py: return code 0
-- run_test.py: verify result file '/home/yixin/ros2_ws/build/cpp_parameters/test_results/cpp_parameters/cppcheck.xunit.xml'
<end of output>
Test time =   0.91 sec
----------------------------------------------------------
Test Passed.
"cppcheck" end time: May 31 18:50 EDT
"cppcheck" time elapsed: 00:00:00
----------------------------------------------------------

2/6 Testing: flake8
2/6 Test: flake8
Command: "/usr/bin/python3" "-u" "/opt/ros/jazzy/share/ament_cmake_test/cmake/run_test.py" "/home/yixin/ros2_ws/build/cpp_parameters/test_results/cpp_parameters/flake8.xunit.xml" "--package-name" "cpp_parameters" "--output-file" "/home/yixin/ros2_ws/build/cpp_parameters/ament_flake8/flake8.txt" "--command" "/opt/ros/jazzy/bin/ament_flake8" "--xunit-file" "/home/yixin/ros2_ws/build/cpp_parameters/test_results/cpp_parameters/flake8.xunit.xml"
Directory: /home/yixin/ros2_ws/src/cpp_parameters
"flake8" start time: May 31 18:50 EDT
Output:
----------------------------------------------------------
-- run_test.py: invoking following command in '/home/yixin/ros2_ws/src/cpp_parameters':
 - /opt/ros/jazzy/bin/ament_flake8 --xunit-file /home/yixin/ros2_ws/build/cpp_parameters/test_results/cpp_parameters/flake8.xunit.xml
    ])      ^
1     W292 no newline at end of file

./launch/cpp_parameters_launch.py:18:7: W292 no newline at end of file


1 files checked
1 errors

'W'-type errors: 1

Checked files:

* ./launch/cpp_parameters_launch.py
-- run_test.py: return code 1
-- run_test.py: verify result file '/home/yixin/ros2_ws/build/cpp_parameters/test_results/cpp_parameters/flake8.xunit.xml'
<end of output>
Test time =   1.90 sec
----------------------------------------------------------
Test Failed.
"flake8" end time: May 31 18:50 EDT
"flake8" time elapsed: 00:00:01
----------------------------------------------------------

3/6 Testing: lint_cmake
3/6 Test: lint_cmake
Command: "/usr/bin/python3" "-u" "/opt/ros/jazzy/share/ament_cmake_test/cmake/run_test.py" "/home/yixin/ros2_ws/build/cpp_parameters/test_results/cpp_parameters/lint_cmake.xunit.xml" "--package-name" "cpp_parameters" "--output-file" "/home/yixin/ros2_ws/build/cpp_parameters/ament_lint_cmake/lint_cmake.txt" "--command" "/opt/ros/jazzy/bin/ament_lint_cmake" "--xunit-file" "/home/yixin/ros2_ws/build/cpp_parameters/test_results/cpp_parameters/lint_cmake.xunit.xml"
Directory: /home/yixin/ros2_ws/src/cpp_parameters
"lint_cmake" start time: May 31 18:50 EDT
Output:
----------------------------------------------------------
-- run_test.py: invoking following command in '/home/yixin/ros2_ws/src/cpp_parameters':
 - /opt/ros/jazzy/bin/ament_lint_cmake --xunit-file /home/yixin/ros2_ws/build/cpp_parameters/test_results/cpp_parameters/lint_cmake.xunit.xml

No problems found
-- run_test.py: return code 0
-- run_test.py: verify result file '/home/yixin/ros2_ws/build/cpp_parameters/test_results/cpp_parameters/lint_cmake.xunit.xml'
<end of output>
Test time =   0.67 sec
----------------------------------------------------------
Test Passed.
"lint_cmake" end time: May 31 18:50 EDT
"lint_cmake" time elapsed: 00:00:00
----------------------------------------------------------

4/6 Testing: pep257
4/6 Test: pep257
Command: "/usr/bin/python3" "-u" "/opt/ros/jazzy/share/ament_cmake_test/cmake/run_test.py" "/home/yixin/ros2_ws/build/cpp_parameters/test_results/cpp_parameters/pep257.xunit.xml" "--package-name" "cpp_parameters" "--output-file" "/home/yixin/ros2_ws/build/cpp_parameters/ament_pep257/pep257.txt" "--command" "/opt/ros/jazzy/bin/ament_pep257" "--xunit-file" "/home/yixin/ros2_ws/build/cpp_parameters/test_results/cpp_parameters/pep257.xunit.xml"
Directory: /home/yixin/ros2_ws/src/cpp_parameters
"pep257" start time: May 31 18:50 EDT
Output:
----------------------------------------------------------
-- run_test.py: invoking following command in '/home/yixin/ros2_ws/src/cpp_parameters':
 - /opt/ros/jazzy/bin/ament_pep257 --xunit-file /home/yixin/ros2_ws/build/cpp_parameters/test_results/cpp_parameters/pep257.xunit.xml
checking ./launch/cpp_parameters_launch.py
No problems found
-- run_test.py: return code 0
-- run_test.py: verify result file '/home/yixin/ros2_ws/build/cpp_parameters/test_results/cpp_parameters/pep257.xunit.xml'
<end of output>
Test time =   0.66 sec
----------------------------------------------------------
Test Passed.
"pep257" end time: May 31 18:50 EDT
"pep257" time elapsed: 00:00:00
----------------------------------------------------------

5/6 Testing: uncrustify
5/6 Test: uncrustify
Command: "/usr/bin/python3" "-u" "/opt/ros/jazzy/share/ament_cmake_test/cmake/run_test.py" "/home/yixin/ros2_ws/build/cpp_parameters/test_results/cpp_parameters/uncrustify.xunit.xml" "--package-name" "cpp_parameters" "--output-file" "/home/yixin/ros2_ws/build/cpp_parameters/ament_uncrustify/uncrustify.txt" "--command" "/opt/ros/jazzy/bin/ament_uncrustify" "--xunit-file" "/home/yixin/ros2_ws/build/cpp_parameters/test_results/cpp_parameters/uncrustify.xunit.xml"
Directory: /home/yixin/ros2_ws/src/cpp_parameters
"uncrustify" start time: May 31 18:50 EDT
Output:
----------------------------------------------------------
-- run_test.py: invoking following command in '/home/yixin/ros2_ws/src/cpp_parameters':
 - /opt/ros/jazzy/bin/ament_uncrustify --xunit-file /home/yixin/ros2_ws/build/cpp_parameters/test_results/cpp_parameters/uncrustify.xunit.xml
Code style divergence in file 'src/cpp_parameters_node.cpp':

--- src/cpp_parameters_node.cpp
+++ src/cpp_parameters_node.cpp.uncrustify
@@ -22 +22 @@
-    // a lambda function called "timer_callback" is declared. 
+    // a lambda function called "timer_callback" is declared.
@@ -26 +26 @@
-      std::string my_param = this->get_parameter("my_parameter").as_string();
+        std::string my_param = this->get_parameter("my_parameter").as_string();
@@ -29 +29 @@
-      RCLCPP_INFO(this->get_logger(), "Hello %s!", my_param.c_str());
+        RCLCPP_INFO(this->get_logger(), "Hello %s!", my_param.c_str());
@@ -31 +31,2 @@
-      std::vector<rclcpp::Parameter> all_new_parameters{rclcpp::Parameter("my_parameter", "world")};
+        std::vector<rclcpp::Parameter> all_new_parameters{rclcpp::Parameter("my_parameter",
+          "world")};
@@ -33,2 +34,2 @@
-      this->set_parameters(all_new_parameters);
-    };
+        this->set_parameters(all_new_parameters);
+      };
@@ -52 +53 @@
-}
+}

1 files with code style divergence
-- run_test.py: return code 1
-- run_test.py: verify result file '/home/yixin/ros2_ws/build/cpp_parameters/test_results/cpp_parameters/uncrustify.xunit.xml'
<end of output>
Test time =   0.56 sec
----------------------------------------------------------
Test Failed.
"uncrustify" end time: May 31 18:50 EDT
"uncrustify" time elapsed: 00:00:00
----------------------------------------------------------

6/6 Testing: xmllint
6/6 Test: xmllint
Command: "/usr/bin/python3" "-u" "/opt/ros/jazzy/share/ament_cmake_test/cmake/run_test.py" "/home/yixin/ros2_ws/build/cpp_parameters/test_results/cpp_parameters/xmllint.xunit.xml" "--package-name" "cpp_parameters" "--output-file" "/home/yixin/ros2_ws/build/cpp_parameters/ament_xmllint/xmllint.txt" "--command" "/opt/ros/jazzy/bin/ament_xmllint" "--xunit-file" "/home/yixin/ros2_ws/build/cpp_parameters/test_results/cpp_parameters/xmllint.xunit.xml"
Directory: /home/yixin/ros2_ws/src/cpp_parameters
"xmllint" start time: May 31 18:50 EDT
Output:
----------------------------------------------------------
-- run_test.py: invoking following command in '/home/yixin/ros2_ws/src/cpp_parameters':
 - /opt/ros/jazzy/bin/ament_xmllint --xunit-file /home/yixin/ros2_ws/build/cpp_parameters/test_results/cpp_parameters/xmllint.xunit.xml
File 'package.xml' is valid

No problems found
-- run_test.py: return code 0
-- run_test.py: verify result file '/home/yixin/ros2_ws/build/cpp_parameters/test_results/cpp_parameters/xmllint.xunit.xml'
<end of output>
Test time =   0.71 sec
----------------------------------------------------------
Test Passed.
"xmllint" end time: May 31 18:50 EDT
"xmllint" time elapsed: 00:00:00
----------------------------------------------------------

End testing: May 31 18:50 EDT

cppcheck =   0.91 sec*proc

flake8 =   1.90 sec*proc

lint_cmake =   0.67 sec*proc

linter =   5.40 sec*proc

pep257 =   0.66 sec*proc

uncrustify =   0.56 sec*proc

xmllint =   0.71 sec*proc

