Start testing: May 31 18:50 EDT
----------------------------------------------------------
1/4 Testing: cppcheck
1/4 Test: cppcheck
Command: "/usr/bin/python3" "-u" "/opt/ros/jazzy/share/ament_cmake_test/cmake/run_test.py" "/home/yixin/ros2_ws/build/composition_cpp/test_results/composition_cpp/cppcheck.xunit.xml" "--package-name" "composition_cpp" "--output-file" "/home/yixin/ros2_ws/build/composition_cpp/ament_cppcheck/cppcheck.txt" "--command" "/opt/ros/jazzy/bin/ament_cppcheck" "--xunit-file" "/home/yixin/ros2_ws/build/composition_cpp/test_results/composition_cpp/cppcheck.xunit.xml"
Directory: /home/yixin/ros2_ws/src/composition_cpp
"cppcheck" start time: May 31 18:50 EDT
Output:
----------------------------------------------------------
-- run_test.py: invoking following command in '/home/yixin/ros2_ws/src/composition_cpp':
 - /opt/ros/jazzy/bin/ament_cppcheck --xunit-file /home/yixin/ros2_ws/build/composition_cpp/test_results/composition_cpp/cppcheck.xunit.xml
cppcheck 2.13.0 has known performance issues and therefore will not be used, set the AMENT_CPPCHECK_ALLOW_SLOW_VERSIONS environment variable to override this.
-- run_test.py: return code 0
-- run_test.py: verify result file '/home/yixin/ros2_ws/build/composition_cpp/test_results/composition_cpp/cppcheck.xunit.xml'
<end of output>
Test time =   1.08 sec
----------------------------------------------------------
Test Passed.
"cppcheck" end time: May 31 18:50 EDT
"cppcheck" time elapsed: 00:00:01
----------------------------------------------------------

2/4 Testing: lint_cmake
2/4 Test: lint_cmake
Command: "/usr/bin/python3" "-u" "/opt/ros/jazzy/share/ament_cmake_test/cmake/run_test.py" "/home/yixin/ros2_ws/build/composition_cpp/test_results/composition_cpp/lint_cmake.xunit.xml" "--package-name" "composition_cpp" "--output-file" "/home/yixin/ros2_ws/build/composition_cpp/ament_lint_cmake/lint_cmake.txt" "--command" "/opt/ros/jazzy/bin/ament_lint_cmake" "--xunit-file" "/home/yixin/ros2_ws/build/composition_cpp/test_results/composition_cpp/lint_cmake.xunit.xml"
Directory: /home/yixin/ros2_ws/src/composition_cpp
"lint_cmake" start time: May 31 18:50 EDT
Output:
----------------------------------------------------------
-- run_test.py: invoking following command in '/home/yixin/ros2_ws/src/composition_cpp':
 - /opt/ros/jazzy/bin/ament_lint_cmake --xunit-file /home/yixin/ros2_ws/build/composition_cpp/test_results/composition_cpp/lint_cmake.xunit.xml

No problems found
-- run_test.py: return code 0
-- run_test.py: verify result file '/home/yixin/ros2_ws/build/composition_cpp/test_results/composition_cpp/lint_cmake.xunit.xml'
<end of output>
Test time =   1.09 sec
----------------------------------------------------------
Test Passed.
"lint_cmake" end time: May 31 18:50 EDT
"lint_cmake" time elapsed: 00:00:01
----------------------------------------------------------

3/4 Testing: uncrustify
3/4 Test: uncrustify
Command: "/usr/bin/python3" "-u" "/opt/ros/jazzy/share/ament_cmake_test/cmake/run_test.py" "/home/yixin/ros2_ws/build/composition_cpp/test_results/composition_cpp/uncrustify.xunit.xml" "--package-name" "composition_cpp" "--output-file" "/home/yixin/ros2_ws/build/composition_cpp/ament_uncrustify/uncrustify.txt" "--command" "/opt/ros/jazzy/bin/ament_uncrustify" "--xunit-file" "/home/yixin/ros2_ws/build/composition_cpp/test_results/composition_cpp/uncrustify.xunit.xml"
Directory: /home/yixin/ros2_ws/src/composition_cpp
"uncrustify" start time: May 31 18:50 EDT
Output:
----------------------------------------------------------
-- run_test.py: invoking following command in '/home/yixin/ros2_ws/src/composition_cpp':
 - /opt/ros/jazzy/bin/ament_uncrustify --xunit-file /home/yixin/ros2_ws/build/composition_cpp/test_results/composition_cpp/uncrustify.xunit.xml
Code style divergence in file 'src/talker_component.cpp':

--- src/talker_component.cpp
+++ src/talker_component.cpp.uncrustify
@@ -35 +35 @@
-RCLCPP_COMPONENTS_REGISTER_NODE(composition_cpp::Talker)
+RCLCPP_COMPONENTS_REGISTER_NODE(composition_cpp::Talker)

1 files with code style divergence
-- run_test.py: return code 1
-- run_test.py: verify result file '/home/yixin/ros2_ws/build/composition_cpp/test_results/composition_cpp/uncrustify.xunit.xml'
<end of output>
Test time =   0.91 sec
----------------------------------------------------------
Test Failed.
"uncrustify" end time: May 31 18:50 EDT
"uncrustify" time elapsed: 00:00:00
----------------------------------------------------------

4/4 Testing: xmllint
4/4 Test: xmllint
Command: "/usr/bin/python3" "-u" "/opt/ros/jazzy/share/ament_cmake_test/cmake/run_test.py" "/home/yixin/ros2_ws/build/composition_cpp/test_results/composition_cpp/xmllint.xunit.xml" "--package-name" "composition_cpp" "--output-file" "/home/yixin/ros2_ws/build/composition_cpp/ament_xmllint/xmllint.txt" "--command" "/opt/ros/jazzy/bin/ament_xmllint" "--xunit-file" "/home/yixin/ros2_ws/build/composition_cpp/test_results/composition_cpp/xmllint.xunit.xml"
Directory: /home/yixin/ros2_ws/src/composition_cpp
"xmllint" start time: May 31 18:50 EDT
Output:
----------------------------------------------------------
-- run_test.py: invoking following command in '/home/yixin/ros2_ws/src/composition_cpp':
 - /opt/ros/jazzy/bin/ament_xmllint --xunit-file /home/yixin/ros2_ws/build/composition_cpp/test_results/composition_cpp/xmllint.xunit.xml
File 'package.xml' is valid

No problems found
-- run_test.py: return code 0
-- run_test.py: verify result file '/home/yixin/ros2_ws/build/composition_cpp/test_results/composition_cpp/xmllint.xunit.xml'
<end of output>
Test time =   0.82 sec
----------------------------------------------------------
Test Passed.
"xmllint" end time: May 31 18:50 EDT
"xmllint" time elapsed: 00:00:00
----------------------------------------------------------

End testing: May 31 18:50 EDT

cppcheck =   1.08 sec*proc

lint_cmake =   1.09 sec*proc

linter =   3.91 sec*proc

uncrustify =   0.91 sec*proc

xmllint =   0.82 sec*proc

