<?xml version="1.0" encoding="UTF-8"?>
<Site BuildName="(empty)"
	BuildStamp="20260531-2250-Experimental"
	Name="yixin-Aspire-A315-24PT"
	Generator="ctest-3.28.3"
	CompilerName="/usr/bin/c++"
	CompilerVersion="13.3.0"
	OSName="Linux"
	Hostname="yixin-Aspire-A315-24PT"
	OSRelease="6.8.0-117-generic"
	OSVersion="#117-Ubuntu SMP PREEMPT_DYNAMIC Tue May  5 19:26:24 UTC 2026"
	OSPlatform="x86_64"
	Is64Bits="1"
	VendorString="AuthenticAMD"
	VendorID="Advanced Micro Devices"
	FamilyID="23"
	ModelID="160"
	ProcessorCacheSize="512"
	NumberOfLogicalCPU="8"
	NumberOfPhysicalCPU="4"
	TotalVirtualMemory="2047"
	TotalPhysicalMemory="15217"
	LogicalProcessorsPerPhysical="2"
	ProcessorClockFrequency="4106.37"
	>
	<Testing>
		<StartDateTime>May 31 18:50 EDT</StartDateTime>
		<StartTestTime>1780267859</StartTestTime>
		<TestList>
			<Test>./cppcheck</Test>
			<Test>./lint_cmake</Test>
			<Test>./uncrustify</Test>
			<Test>./xmllint</Test>
		</TestList>
		<Test Status="passed">
			<Name>cppcheck</Name>
			<Path>.</Path>
			<FullName>./cppcheck</FullName>
			<FullCommandLine>/usr/bin/python3 "-u" "/opt/ros/jazzy/share/ament_cmake_test/cmake/run_test.py" "/home/yixin/ros2_ws/build/cpp_srvcli/test_results/cpp_srvcli/cppcheck.xunit.xml" "--package-name" "cpp_srvcli" "--output-file" "/home/yixin/ros2_ws/build/cpp_srvcli/ament_cppcheck/cppcheck.txt" "--command" "/opt/ros/jazzy/bin/ament_cppcheck" "--xunit-file" "/home/yixin/ros2_ws/build/cpp_srvcli/test_results/cpp_srvcli/cppcheck.xunit.xml"</FullCommandLine>
			<Results>
				<NamedMeasurement type="numeric/double" name="Execution Time">
					<Value>0.449696</Value>
				</NamedMeasurement>
				<NamedMeasurement type="numeric/double" name="Processors">
					<Value>1</Value>
				</NamedMeasurement>
				<NamedMeasurement type="text/string" name="Completion Status">
					<Value>Completed</Value>
				</NamedMeasurement>
				<NamedMeasurement type="text/string" name="Command Line">
					<Value>/usr/bin/python3 "-u" "/opt/ros/jazzy/share/ament_cmake_test/cmake/run_test.py" "/home/yixin/ros2_ws/build/cpp_srvcli/test_results/cpp_srvcli/cppcheck.xunit.xml" "--package-name" "cpp_srvcli" "--output-file" "/home/yixin/ros2_ws/build/cpp_srvcli/ament_cppcheck/cppcheck.txt" "--command" "/opt/ros/jazzy/bin/ament_cppcheck" "--xunit-file" "/home/yixin/ros2_ws/build/cpp_srvcli/test_results/cpp_srvcli/cppcheck.xunit.xml"</Value>
				</NamedMeasurement>
				<NamedMeasurement type="text/string" name="Environment">
					<Value>#CTEST_RESOURCE_GROUP_COUNT=</Value>
				</NamedMeasurement>
				<Measurement>
					<Value>-- run_test.py: invoking following command in '/home/yixin/ros2_ws/src/cpp_srvcli':
 - /opt/ros/jazzy/bin/ament_cppcheck --xunit-file /home/yixin/ros2_ws/build/cpp_srvcli/test_results/cpp_srvcli/cppcheck.xunit.xml
cppcheck 2.13.0 has known performance issues and therefore will not be used, set the AMENT_CPPCHECK_ALLOW_SLOW_VERSIONS environment variable to override this.
-- run_test.py: return code 0
-- run_test.py: verify result file '/home/yixin/ros2_ws/build/cpp_srvcli/test_results/cpp_srvcli/cppcheck.xunit.xml'
</Value>
				</Measurement>
			</Results>
			<Labels>
				<Label>cppcheck</Label>
				<Label>linter</Label>
			</Labels>
		</Test>
		<Test Status="failed">
			<Name>lint_cmake</Name>
			<Path>.</Path>
			<FullName>./lint_cmake</FullName>
			<FullCommandLine>/usr/bin/python3 "-u" "/opt/ros/jazzy/share/ament_cmake_test/cmake/run_test.py" "/home/yixin/ros2_ws/build/cpp_srvcli/test_results/cpp_srvcli/lint_cmake.xunit.xml" "--package-name" "cpp_srvcli" "--output-file" "/home/yixin/ros2_ws/build/cpp_srvcli/ament_lint_cmake/lint_cmake.txt" "--command" "/opt/ros/jazzy/bin/ament_lint_cmake" "--xunit-file" "/home/yixin/ros2_ws/build/cpp_srvcli/test_results/cpp_srvcli/lint_cmake.xunit.xml"</FullCommandLine>
			<Results>
				<NamedMeasurement type="text/string" name="Exit Code">
					<Value>Failed</Value>
				</NamedMeasurement>
				<NamedMeasurement type="text/string" name="Exit Value">
					<Value>1</Value>
				</NamedMeasurement>
				<NamedMeasurement type="numeric/double" name="Execution Time">
					<Value>0.357415</Value>
				</NamedMeasurement>
				<NamedMeasurement type="numeric/double" name="Processors">
					<Value>1</Value>
				</NamedMeasurement>
				<NamedMeasurement type="text/string" name="Completion Status">
					<Value>Completed</Value>
				</NamedMeasurement>
				<NamedMeasurement type="text/string" name="Command Line">
					<Value>/usr/bin/python3 "-u" "/opt/ros/jazzy/share/ament_cmake_test/cmake/run_test.py" "/home/yixin/ros2_ws/build/cpp_srvcli/test_results/cpp_srvcli/lint_cmake.xunit.xml" "--package-name" "cpp_srvcli" "--output-file" "/home/yixin/ros2_ws/build/cpp_srvcli/ament_lint_cmake/lint_cmake.txt" "--command" "/opt/ros/jazzy/bin/ament_lint_cmake" "--xunit-file" "/home/yixin/ros2_ws/build/cpp_srvcli/test_results/cpp_srvcli/lint_cmake.xunit.xml"</Value>
				</NamedMeasurement>
				<NamedMeasurement type="text/string" name="Environment">
					<Value>#CTEST_RESOURCE_GROUP_COUNT=</Value>
				</NamedMeasurement>
				<Measurement>
					<Value>-- run_test.py: invoking following command in '/home/yixin/ros2_ws/src/cpp_srvcli':
 - /opt/ros/jazzy/bin/ament_lint_cmake --xunit-file /home/yixin/ros2_ws/build/cpp_srvcli/test_results/cpp_srvcli/lint_cmake.xunit.xml
CMakeLists.txt:38: Line ends in whitespace [whitespace/eol]


1 errors
-- run_test.py: return code 1
-- run_test.py: verify result file '/home/yixin/ros2_ws/build/cpp_srvcli/test_results/cpp_srvcli/lint_cmake.xunit.xml'
</Value>
				</Measurement>
			</Results>
			<Labels>
				<Label>lint_cmake</Label>
				<Label>linter</Label>
			</Labels>
		</Test>
		<Test Status="failed">
			<Name>uncrustify</Name>
			<Path>.</Path>
			<FullName>./uncrustify</FullName>
			<FullCommandLine>/usr/bin/python3 "-u" "/opt/ros/jazzy/share/ament_cmake_test/cmake/run_test.py" "/home/yixin/ros2_ws/build/cpp_srvcli/test_results/cpp_srvcli/uncrustify.xunit.xml" "--package-name" "cpp_srvcli" "--output-file" "/home/yixin/ros2_ws/build/cpp_srvcli/ament_uncrustify/uncrustify.txt" "--command" "/opt/ros/jazzy/bin/ament_uncrustify" "--xunit-file" "/home/yixin/ros2_ws/build/cpp_srvcli/test_results/cpp_srvcli/uncrustify.xunit.xml"</FullCommandLine>
			<Results>
				<NamedMeasurement type="text/string" name="Exit Code">
					<Value>Failed</Value>
				</NamedMeasurement>
				<NamedMeasurement type="text/string" name="Exit Value">
					<Value>1</Value>
				</NamedMeasurement>
				<NamedMeasurement type="numeric/double" name="Execution Time">
					<Value>0.408178</Value>
				</NamedMeasurement>
				<NamedMeasurement type="numeric/double" name="Processors">
					<Value>1</Value>
				</NamedMeasurement>
				<NamedMeasurement type="text/string" name="Completion Status">
					<Value>Completed</Value>
				</NamedMeasurement>
				<NamedMeasurement type="text/string" name="Command Line">
					<Value>/usr/bin/python3 "-u" "/opt/ros/jazzy/share/ament_cmake_test/cmake/run_test.py" "/home/yixin/ros2_ws/build/cpp_srvcli/test_results/cpp_srvcli/uncrustify.xunit.xml" "--package-name" "cpp_srvcli" "--output-file" "/home/yixin/ros2_ws/build/cpp_srvcli/ament_uncrustify/uncrustify.txt" "--command" "/opt/ros/jazzy/bin/ament_uncrustify" "--xunit-file" "/home/yixin/ros2_ws/build/cpp_srvcli/test_results/cpp_srvcli/uncrustify.xunit.xml"</Value>
				</NamedMeasurement>
				<NamedMeasurement type="text/string" name="Environment">
					<Value>#CTEST_RESOURCE_GROUP_COUNT=</Value>
				</NamedMeasurement>
				<Measurement>
					<Value>-- run_test.py: invoking following command in '/home/yixin/ros2_ws/src/cpp_srvcli':
 - /opt/ros/jazzy/bin/ament_uncrustify --xunit-file /home/yixin/ros2_ws/build/cpp_srvcli/test_results/cpp_srvcli/uncrustify.xunit.xml
Code style divergence in file 'src/add_two_ints_client.cpp':

--- src/add_two_ints_client.cpp
+++ src/add_two_ints_client.cpp.uncrustify
@@ -16 +16 @@
-  if (argc != 4) { // CHANGE    
+  if (argc != 4) { // CHANGE
@@ -18,2 +18,2 @@
-      RCLCPP_INFO(rclcpp::get_logger("rclcpp"), "usage: add_three_ints_client X Y Z");      // CHANGE      
-      return 1;
+    RCLCPP_INFO(rclcpp::get_logger("rclcpp"), "usage: add_three_ints_client X Y Z");        // CHANGE
+    return 1;
@@ -30 +30 @@
-    node-&gt;create_client&lt;tutorial_interfaces::srv::AddThreeInts&gt;("add_three_ints");          // CHANGE    
+    node-&gt;create_client&lt;tutorial_interfaces::srv::AddThreeInts&gt;("add_three_ints");          // CHANGE
@@ -44 +44,2 @@
-      RCLCPP_ERROR(rclcpp::get_logger("rclcpp"), "Interrupted while waiting for the service. Exiting.");
+      RCLCPP_ERROR(rclcpp::get_logger("rclcpp"),
+        "Interrupted while waiting for the service. Exiting.");
@@ -64 +65 @@
-}
+}

Code style divergence in file 'src/add_two_ints_server.cpp':

--- src/add_two_ints_server.cpp
+++ src/add_two_ints_server.cpp.uncrustify
@@ -17,2 +17,3 @@
-void add(const std::shared_ptr&lt;tutorial_interfaces::srv::AddThreeInts::Request&gt; request,     // CHANGE
-          std::shared_ptr&lt;tutorial_interfaces::srv::AddThreeInts::Response&gt;       response)  // CHANGE
+void add(
+  const std::shared_ptr&lt;tutorial_interfaces::srv::AddThreeInts::Request&gt; request,            // CHANGE
+  std::shared_ptr&lt;tutorial_interfaces::srv::AddThreeInts::Response&gt; response)                // CHANGE
@@ -23 +24,2 @@
-  RCLCPP_INFO(rclcpp::get_logger("rclcpp"), "sending back response: [%ld]", (long int)response-&gt;sum);
+  RCLCPP_INFO(rclcpp::get_logger("rclcpp"), "sending back response: [%ld]",
+    (long int)response-&gt;sum);
@@ -38 +40 @@
-//   // Prints a log message when it’s ready 
+//   // Prints a log message when it’s ready
@@ -53 +55 @@
-    node-&gt;create_service&lt;tutorial_interfaces::srv::AddThreeInts&gt;("add_three_ints",  &amp;add);   // CHANGE
+    node-&gt;create_service&lt;tutorial_interfaces::srv::AddThreeInts&gt;("add_three_ints", &amp;add);    // CHANGE
@@ -59 +61 @@
-}
+}

2 files with code style divergence
-- run_test.py: return code 1
-- run_test.py: verify result file '/home/yixin/ros2_ws/build/cpp_srvcli/test_results/cpp_srvcli/uncrustify.xunit.xml'
</Value>
				</Measurement>
			</Results>
			<Labels>
				<Label>linter</Label>
				<Label>uncrustify</Label>
			</Labels>
		</Test>
		<Test Status="passed">
			<Name>xmllint</Name>
			<Path>.</Path>
			<FullName>./xmllint</FullName>
			<FullCommandLine>/usr/bin/python3 "-u" "/opt/ros/jazzy/share/ament_cmake_test/cmake/run_test.py" "/home/yixin/ros2_ws/build/cpp_srvcli/test_results/cpp_srvcli/xmllint.xunit.xml" "--package-name" "cpp_srvcli" "--output-file" "/home/yixin/ros2_ws/build/cpp_srvcli/ament_xmllint/xmllint.txt" "--command" "/opt/ros/jazzy/bin/ament_xmllint" "--xunit-file" "/home/yixin/ros2_ws/build/cpp_srvcli/test_results/cpp_srvcli/xmllint.xunit.xml"</FullCommandLine>
			<Results>
				<NamedMeasurement type="numeric/double" name="Execution Time">
					<Value>0.541119</Value>
				</NamedMeasurement>
				<NamedMeasurement type="numeric/double" name="Processors">
					<Value>1</Value>
				</NamedMeasurement>
				<NamedMeasurement type="text/string" name="Completion Status">
					<Value>Completed</Value>
				</NamedMeasurement>
				<NamedMeasurement type="text/string" name="Command Line">
					<Value>/usr/bin/python3 "-u" "/opt/ros/jazzy/share/ament_cmake_test/cmake/run_test.py" "/home/yixin/ros2_ws/build/cpp_srvcli/test_results/cpp_srvcli/xmllint.xunit.xml" "--package-name" "cpp_srvcli" "--output-file" "/home/yixin/ros2_ws/build/cpp_srvcli/ament_xmllint/xmllint.txt" "--command" "/opt/ros/jazzy/bin/ament_xmllint" "--xunit-file" "/home/yixin/ros2_ws/build/cpp_srvcli/test_results/cpp_srvcli/xmllint.xunit.xml"</Value>
				</NamedMeasurement>
				<NamedMeasurement type="text/string" name="Environment">
					<Value>#CTEST_RESOURCE_GROUP_COUNT=</Value>
				</NamedMeasurement>
				<Measurement>
					<Value>-- run_test.py: invoking following command in '/home/yixin/ros2_ws/src/cpp_srvcli':
 - /opt/ros/jazzy/bin/ament_xmllint --xunit-file /home/yixin/ros2_ws/build/cpp_srvcli/test_results/cpp_srvcli/xmllint.xunit.xml
File 'package.xml' is valid

No problems found
-- run_test.py: return code 0
-- run_test.py: verify result file '/home/yixin/ros2_ws/build/cpp_srvcli/test_results/cpp_srvcli/xmllint.xunit.xml'
</Value>
				</Measurement>
			</Results>
			<Labels>
				<Label>linter</Label>
				<Label>xmllint</Label>
			</Labels>
		</Test>
		<EndDateTime>May 31 18:51 EDT</EndDateTime>
		<EndTestTime>1780267860</EndTestTime>
		<ElapsedMinutes>0</ElapsedMinutes>
	</Testing>
</Site>
